<?xml version="1.0" encoding="UTF-8"?>
<!-- Generated by org.testng.reporters.JUnitXMLReporter -->
<testsuite ignored="2" hostname="Upendra" failures="0" tests="3" name="SmokeTest" time="89.387" errors="0" timestamp="2024-01-09T11:35:15 IST">
  <testcase classname="browser.launchBrowsering" name="verifychromeBrowserLacuching" time="5.187"/>
  <testcase classname="testScripts.ProductDetailPageTest" name="VerifedThatWishlistFunctionalityInPDP" time="38.638"/>
  <testcase classname="testScripts.ProductDetailPageTest" name="VerifedThatAddtoCartFunctionalityInPDP" time="41.303"/>
  <testcase classname="com.providio.testcases.baseClass" name="@AfterSuite tearDown" time="0.0">
    <ignored/>
  </testcase> <!-- @AfterSuite tearDown -->
  <testcase classname="com.providio.testcases.baseClass" name="@BeforeSuite setUpforReport" time="0.0">
    <ignored/>
  </testcase> <!-- @BeforeSuite setUpforReport -->
</testsuite> <!-- SmokeTest -->
