<?xml version="1.0" encoding="UTF-8"?>
<!-- Generated by org.testng.reporters.JUnitXMLReporter -->
<testsuite ignored="9" hostname="DESKTOP-CPG5TUI" failures="0" tests="2" name="Order Regression" time="148.519" errors="0" timestamp="2024-02-01T18:11:55 IST">
  <testcase classname="browser.launchBrowsering" name="verifyHomePageLaunching" time="5.744"/>
  <testcase classname="testScripts.OrderPlacingWithAllPaymentsTest" name="verifyingOrderIsPlacingWithCombinationOfGcAndPaypal" time="138.583"/>
  <testcase classname="testScripts.OrderPlacingWithAllPaymentsTest" name="verifyingOrderIsPlacingWithCombinationOfGcAndCreditCard" time="0.0">
    <ignored/>
  </testcase> <!-- verifyingOrderIsPlacingWithCombinationOfGcAndCreditCard -->
  <testcase classname="testScripts.OrderPlacingWithAllPaymentsTest" name="verifyingOrderIsPlacingWithCartPagePaypal" time="0.0">
    <ignored/>
  </testcase> <!-- verifyingOrderIsPlacingWithCartPagePaypal -->
  <testcase classname="testScripts.OrderPlacingWithAllPaymentsTest" name="verifyingOrderIsPlacingWithMiniCartPaypal" time="0.0">
    <ignored/>
  </testcase> <!-- verifyingOrderIsPlacingWithMiniCartPaypal -->
  <testcase classname="testScripts.OrderPlacingWithAllPaymentsTest" name="verifyingOrderIsPlacingWithGiftCard" time="0.0">
    <ignored/>
  </testcase> <!-- verifyingOrderIsPlacingWithGiftCard -->
  <testcase classname="testScripts.OrderPlacingWithAllPaymentsTest" name="verifyingOrderIsPlacingWithPaypalBuyNowInPdpPage" time="0.0">
    <ignored/>
  </testcase> <!-- verifyingOrderIsPlacingWithPaypalBuyNowInPdpPage -->
  <testcase classname="testScripts.OrderPlacingWithAllPaymentsTest" name="verifyingOrderIsPlacingWithPaypalFromCheckoutPage" time="0.0">
    <ignored/>
  </testcase> <!-- verifyingOrderIsPlacingWithPaypalFromCheckoutPage -->
  <testcase classname="com.providio.testcases.baseClass" name="@AfterSuite tearDown" time="0.0">
    <ignored/>
  </testcase> <!-- @AfterSuite tearDown -->
  <testcase classname="testScripts.OrderPlacingWithAllPaymentsTest" name="verifyingOrderIsPlacingWithCreditCard" time="0.0">
    <ignored/>
  </testcase> <!-- verifyingOrderIsPlacingWithCreditCard -->
  <testcase classname="com.providio.testcases.baseClass" name="@BeforeSuite setUpforReport" time="0.0">
    <ignored/>
  </testcase> <!-- @BeforeSuite setUpforReport -->
</testsuite> <!-- Order Regression -->
