<?xml version="1.0" encoding="UTF-8"?>
<!-- Generated by org.testng.reporters.JUnitXMLReporter -->
<testsuite ignored="4" hostname="DESKTOP-CPG5TUI" failures="0" tests="2" name="SmokeTest" time="143.829" errors="0" timestamp="2024-01-24T18:52:10 IST">
  <testcase classname="browser.launchBrowsering" name="verifyHomePageLaunching" time="7.155"/>
  <testcase classname="testScripts.OrderPlacingWithAllPaymentsTest" name="VerifingOrderIsPlacingWithCombinationOfGcAndCreditCard" time="132.542"/>
  <testcase classname="com.providio.testcases.baseClass" name="@BeforeSuite setUpforReport" time="0.0">
    <ignored/>
  </testcase> <!-- @BeforeSuite setUpforReport -->
  <testcase classname="testScripts.OrderPlacingWithAllPaymentsTest" name="VerifingOrderIsPlacingWithCreditCard" time="0.0">
    <ignored/>
  </testcase> <!-- VerifingOrderIsPlacingWithCreditCard -->
  <testcase classname="com.providio.testcases.baseClass" name="@AfterSuite tearDown" time="0.0">
    <ignored/>
  </testcase> <!-- @AfterSuite tearDown -->
  <testcase classname="testScripts.OrderPlacingWithAllPaymentsTest" name="VerifingOrderIsPlacingWithGiftCard" time="0.0">
    <ignored/>
  </testcase> <!-- VerifingOrderIsPlacingWithGiftCard -->
</testsuite> <!-- SmokeTest -->
