<?xml version="1.0" encoding="UTF-8"?>
<!-- Generated by org.testng.reporters.JUnitXMLReporter -->
<testsuite ignored="33" hostname="DESKTOP-SN36904" failures="0" tests="6" name="SmokeTest" time="214.165" errors="0" timestamp="2024-01-23T22:53:15 IST">
  <testcase classname="browser.launchBrowsering" name="verifyHomePageLaunching" time="9.997"/>
  <testcase classname="testScripts.LoginPageTest" name="VerifyingLoginWithValidCredentials" time="48.743"/>
  <testcase classname="testScripts.CheckOutPage2Test" name="verifyingEditEmailInCheckoutPage2" time="84.812"/>
  <testcase classname="testScripts.PaymentPageTest" name="verifyingEditShippingAddress" time="19.94"/>
  <testcase classname="testScripts.PaymentPageTest" name="verifyingEditCustomerInfoFromCop3" time="4.104"/>
  <testcase classname="testScripts.PaymentPageTest" name="verifyingUpdateBillingAddress" time="37.757"/>
  <testcase classname="com.providio.testcases.baseClass" name="@BeforeSuite setUpforReport" time="0.0">
    <ignored/>
  </testcase> <!-- @BeforeSuite setUpforReport -->
  <testcase classname="testScripts.PaymentPageTest" name="verifyingCreditcardNumberInValidError" time="0.0">
    <ignored/>
  </testcase> <!-- verifyingCreditcardNumberInValidError -->
  <testcase classname="testScripts.CheckOutPage2Test" name="verifyingTheErrorsInFirstName" time="0.0">
    <ignored/>
  </testcase> <!-- verifyingTheErrorsInFirstName -->
  <testcase classname="testScripts.LoginPageTest" name="VerifyingLoginFailureWithIncorrectCredentials" time="0.0">
    <ignored/>
  </testcase> <!-- VerifyingLoginFailureWithIncorrectCredentials -->
  <testcase classname="testScripts.PaymentPageTest" name="verifyingAddnewCreditCard" time="0.0">
    <ignored/>
  </testcase> <!-- verifyingAddnewCreditCard -->
  <testcase classname="testScripts.LoginPageTest" name="VerifyingLoginFailureWithEmptyEmail" time="0.0">
    <ignored/>
  </testcase> <!-- VerifyingLoginFailureWithEmptyEmail -->
  <testcase classname="testScripts.CheckOutPage2Test" name="verifyingWithValidShippingAddress" time="0.0">
    <ignored/>
  </testcase> <!-- verifyingWithValidShippingAddress -->
  <testcase classname="testScripts.CheckOutPage2Test" name="verifyingTheCustomerInfoInCheckoutPage2" time="0.0">
    <ignored/>
  </testcase> <!-- verifyingTheCustomerInfoInCheckoutPage2 -->
  <testcase classname="com.providio.testcases.baseClass" name="@AfterSuite tearDown" time="0.0">
    <ignored/>
  </testcase> <!-- @AfterSuite tearDown -->
  <testcase classname="testScripts.PaymentPageTest" name="verifyingCvvAndExpErrorInCreditCard" time="0.0">
    <ignored/>
  </testcase> <!-- verifyingCvvAndExpErrorInCreditCard -->
  <testcase classname="testScripts.LoginPageTest" name="VerifyingLoginFailureWithEmptyPassword" time="0.0">
    <ignored/>
  </testcase> <!-- VerifyingLoginFailureWithEmptyPassword -->
  <testcase classname="testScripts.PaymentPageTest" name="verifyingGiftMessage" time="0.0">
    <ignored/>
  </testcase> <!-- verifyingGiftMessage -->
  <testcase classname="testScripts.CheckOutPage2Test" name="verifyingTheAddressError" time="0.0">
    <ignored/>
  </testcase> <!-- verifyingTheAddressError -->
  <testcase classname="testScripts.PaymentPageTest" name="verifyingCreditCardInCompleteExpYearError" time="0.0">
    <ignored/>
  </testcase> <!-- verifyingCreditCardInCompleteExpYearError -->
  <testcase classname="testScripts.PaymentPageTest" name="verifyingCvvErrorInCreditCard" time="0.0">
    <ignored/>
  </testcase> <!-- verifyingCvvErrorInCreditCard -->
  <testcase classname="testScripts.CheckOutPage2Test" name="verifyingNextPaymentButtonDisplayInCheckOutPage2Tasks_Page" time="0.0">
    <ignored/>
  </testcase> <!-- verifyingNextPaymentButtonDisplayInCheckOutPage2Tasks_Page -->
  <testcase classname="testScripts.LoginPageTest" name="VerifyingLoginFailureWithInvalidEmailFormat" time="0.0">
    <ignored/>
  </testcase> <!-- VerifyingLoginFailureWithInvalidEmailFormat -->
  <testcase classname="testScripts.CheckOutPage2Test" name="verifyingOrderSummaryDisplayInCheckOutPage2Tasks_Page" time="0.0">
    <ignored/>
  </testcase> <!-- verifyingOrderSummaryDisplayInCheckOutPage2Tasks_Page -->
  <testcase classname="testScripts.LoginPageTest" name="VerifyingLoginFailureWithEmptyEmailAndPassword" time="0.0">
    <ignored/>
  </testcase> <!-- VerifyingLoginFailureWithEmptyEmailAndPassword -->
  <testcase classname="com.providio.testcases.baseClass" name="@BeforeSuite setUpforReport" time="0.0">
    <ignored/>
  </testcase> <!-- @BeforeSuite setUpforReport -->
  <testcase classname="testScripts.CheckOutPage2Test" name="verifyingTheErrorsInLastName" time="0.0">
    <ignored/>
  </testcase> <!-- verifyingTheErrorsInLastName -->
  <testcase classname="testScripts.PaymentPageTest" name="verifyingCreditcardWithValidDetails" time="0.0">
    <ignored/>
  </testcase> <!-- verifyingCreditcardWithValidDetails -->
  <testcase classname="testScripts.CheckOutPage2Test" name="verifyingAllErrorsInShippingForm" time="0.0">
    <ignored/>
  </testcase> <!-- verifyingAllErrorsInShippingForm -->
  <testcase classname="testScripts.PaymentPageTest" name="verifyingCreditCardExpDateInValid" time="0.0">
    <ignored/>
  </testcase> <!-- verifyingCreditCardExpDateInValid -->
  <testcase classname="com.providio.testcases.baseClass" name="@AfterSuite tearDown" time="0.0">
    <ignored/>
  </testcase> <!-- @AfterSuite tearDown -->
  <testcase classname="testScripts.PaymentPageTest" name="verifyingCreditCardInCompleteCvvError" time="0.0">
    <ignored/>
  </testcase> <!-- verifyingCreditCardInCompleteCvvError -->
  <testcase classname="com.providio.testcases.baseClass" name="@BeforeSuite setUpforReport" time="0.0">
    <ignored/>
  </testcase> <!-- @BeforeSuite setUpforReport -->
  <testcase classname="testScripts.CheckOutPage2Test" name="verifyingphoneNumberError" time="0.0">
    <ignored/>
  </testcase> <!-- verifyingphoneNumberError -->
  <testcase classname="com.providio.testcases.baseClass" name="@AfterSuite tearDown" time="0.0">
    <ignored/>
  </testcase> <!-- @AfterSuite tearDown -->
  <testcase classname="testScripts.CheckOutPage2Test" name="verifyingEtgLogoDisplayInCheckOutPage2Tasks_Page" time="0.0">
    <ignored/>
  </testcase> <!-- verifyingEtgLogoDisplayInCheckOutPage2Tasks_Page -->
  <testcase classname="testScripts.PaymentPageTest" name="verifyingAllTheErrorsInCreditCard" time="0.0">
    <ignored/>
  </testcase> <!-- verifyingAllTheErrorsInCreditCard -->
  <testcase classname="testScripts.CheckOutPage2Test" name="verifyingPaginationOfProductsInCheckOutPage2" time="0.0">
    <ignored/>
  </testcase> <!-- verifyingPaginationOfProductsInCheckOutPage2 -->
  <testcase classname="testScripts.PaymentPageTest" name="verifyingCreditCardNumberInCompleteError" time="0.0">
    <ignored/>
  </testcase> <!-- verifyingCreditCardNumberInCompleteError -->
</testsuite> <!-- SmokeTest -->
