<?xml version="1.0" encoding="UTF-8"?>
<!-- Generated by org.testng.reporters.JUnitXMLReporter -->
<testsuite ignored="2" hostname="DESKTOP-CPG5TUI" failures="0" tests="4" name="Default test" time="104.556" errors="0" timestamp="2024-01-19T11:02:57 IST">
  <testcase classname="browser.launchBrowsering" name="verifyHomePageLaunching" time="6.027"/>
  <testcase classname="testScripts.CheckOutPage2Test" name="verifyingCustomerInfoDisplayInCOP2_Page" time="0.036"/>
  <testcase classname="testScripts.CheckOutPage2Test" name="verifyingEditEmailInCheckoutPage2" time="0.001"/>
  <testcase classname="testScripts.CheckOutPage2Test" name="verifyingNavigationToCOP2_Page" time="94.225"/>
  <testcase classname="com.providio.testcases.baseClass" name="@BeforeSuite setUpforReport" time="0.0">
    <ignored/>
  </testcase> <!-- @BeforeSuite setUpforReport -->
  <testcase classname="com.providio.testcases.baseClass" name="@AfterSuite tearDown" time="0.0">
    <ignored/>
  </testcase> <!-- @AfterSuite tearDown -->
</testsuite> <!-- Default test -->
