<?xml version="1.0" encoding="UTF-8"?>
<!-- Generated by org.testng.reporters.JUnitXMLReporter -->
<testsuite ignored="2" hostname="DESKTOP-CPG5TUI" failures="0" tests="1" name="Default test" time="2.313" errors="0" timestamp="2024-01-09T19:28:28 IST">
  <testcase classname="testScripts.PaymentPageTests" name="VerifedThatThecardCvvAndExpErrorInCreditCard" time="0.12"/>
  <testcase classname="testScripts.PaymentPageTests" name="VerifedThatPaymentDetails" time="0.0">
    <ignored/>
  </testcase> <!-- VerifedThatPaymentDetails -->
  <testcase classname="testScripts.PaymentPageTests" name="VerifedThatAllTheErrorsInCreditCard" time="0.0">
    <ignored/>
  </testcase> <!-- VerifedThatAllTheErrorsInCreditCard -->
</testsuite> <!-- Default test -->
