<?xml version="1.0" encoding="UTF-8"?>
<testng-results ignored="12" total="15" passed="2" failed="1" skipped="0">
  <reporter-output>
  </reporter-output>
  <suite started-at="2024-01-31T17:18:12 IST" name="Providio Regression Test" finished-at="2024-01-31T17:19:24 IST" duration-ms="72459">
    <groups>
      <group name="regression">
        <method signature="launchBrowsering.verifyHomePageLaunching()[pri:0, instance:browser.launchBrowsering@55e42449]" name="verifyHomePageLaunching" class="browser.launchBrowsering"/>
      </group> <!-- regression -->
      <group name="smoke">
        <method signature="launchBrowsering.verifyHomePageLaunching()[pri:0, instance:browser.launchBrowsering@55e42449]" name="verifyHomePageLaunching" class="browser.launchBrowsering"/>
      </group> <!-- smoke -->
    </groups>
    <test started-at="2024-01-31T17:18:12 IST" name="SmokeTest" finished-at="2024-01-31T17:19:24 IST" duration-ms="72459">
      <class name="browser.launchBrowsering">
        <test-method is-config="true" signature="setUpforReport()[pri:0, instance:browser.launchBrowsering@55e42449]" started-at="2024-01-31T17:18:05 IST" name="setUpforReport" finished-at="2024-01-31T17:18:12 IST" duration-ms="7285" status="PASS">
          <reporter-output>
          </reporter-output>
        </test-method> <!-- setUpforReport -->
        <test-method is-config="true" signature="setUp()[pri:0, instance:browser.launchBrowsering@55e42449]" started-at="2024-01-31T17:18:12 IST" name="setUp" finished-at="2024-01-31T17:18:14 IST" duration-ms="2051" status="PASS">
          <reporter-output>
          </reporter-output>
        </test-method> <!-- setUp -->
        <test-method is-config="true" signature="afterClass(java.lang.reflect.Method)[pri:0, instance:browser.launchBrowsering@55e42449]" started-at="2024-01-31T17:18:14 IST" name="afterClass" finished-at="2024-01-31T17:18:14 IST" duration-ms="8" status="PASS">
          <params>
            <param index="0">
              <value>
                <![CDATA[public void browser.launchBrowsering.verifyHomePageLaunching() throws java.lang.InterruptedException]]>
              </value>
            </param>
          </params>
          <reporter-output>
          </reporter-output>
        </test-method> <!-- afterClass -->
        <test-method signature="verifyHomePageLaunching()[pri:0, instance:browser.launchBrowsering@55e42449]" started-at="2024-01-31T17:18:14 IST" name="verifyHomePageLaunching" finished-at="2024-01-31T17:18:22 IST" duration-ms="7560" status="PASS">
          <reporter-output>
          </reporter-output>
        </test-method> <!-- verifyHomePageLaunching -->
        <test-method is-config="true" signature="afterMethod(org.testng.ITestResult)[pri:0, instance:browser.launchBrowsering@55e42449]" started-at="2024-01-31T17:18:22 IST" name="afterMethod" finished-at="2024-01-31T17:18:22 IST" duration-ms="17" status="PASS">
          <params>
            <param index="0">
              <value>
                <![CDATA[[TestResult name=verifyHomePageLaunching status=SUCCESS method=launchBrowsering.verifyHomePageLaunching()[pri:0, instance:browser.launchBrowsering@55e42449] output={null}]]]>
              </value>
            </param>
          </params>
          <reporter-output>
          </reporter-output>
        </test-method> <!-- afterMethod -->
        <test-method is-config="true" signature="tearDown()[pri:0, instance:browser.launchBrowsering@55e42449]" started-at="2024-01-31T17:19:24 IST" name="tearDown" finished-at="2024-01-31T17:19:34 IST" duration-ms="9137" status="PASS">
          <reporter-output>
          </reporter-output>
        </test-method> <!-- tearDown -->
      </class> <!-- browser.launchBrowsering -->
      <class name="testScripts.PlaceOrderTest">
        <test-method is-config="true" signature="setUp()[pri:0, instance:testScripts.PlaceOrderTest@15400fff]" started-at="2024-01-31T17:18:24 IST" name="setUp" finished-at="2024-01-31T17:18:26 IST" duration-ms="2008" status="PASS">
          <reporter-output>
          </reporter-output>
        </test-method> <!-- setUp -->
        <test-method is-config="true" signature="afterClass(java.lang.reflect.Method)[pri:0, instance:testScripts.PlaceOrderTest@15400fff]" started-at="2024-01-31T17:18:26 IST" name="afterClass" finished-at="2024-01-31T17:18:26 IST" duration-ms="1" status="PASS">
          <params>
            <param index="0">
              <value>
                <![CDATA[public void testScripts.PlaceOrderTest.verifyingTheEditPaymentToPaypalFromPlaceOrderPage() throws java.lang.InterruptedException,java.lang.Exception]]>
              </value>
            </param>
          </params>
          <reporter-output>
          </reporter-output>
        </test-method> <!-- afterClass -->
        <test-method signature="verifyingTheEditPaymentToPaypalFromPlaceOrderPage()[pri:0, instance:testScripts.PlaceOrderTest@15400fff]" started-at="2024-01-31T17:18:26 IST" name="verifyingTheEditPaymentToPaypalFromPlaceOrderPage" finished-at="2024-01-31T17:19:24 IST" duration-ms="58245" status="FAIL">
          <exception class="org.openqa.selenium.TimeoutException">
            <message>
              <![CDATA[Expected condition failed: waiting for visibility of element located by By.xpath: //div[@class='alert alert-success add-to-basket-alert text-center'] (tried for 30 second(s) with 1000 milliseconds interval)
Build info: version: '4.16.1', revision: '9b4c83354e'
System info: os.name: 'Windows 10', os.arch: 'amd64', os.version: '10.0', java.version: '17.0.2'
Driver info: driver.version: unknown]]>
            </message>
            <full-stacktrace>
              <![CDATA[org.openqa.selenium.TimeoutException: Expected condition failed: waiting for visibility of element located by By.xpath: //div[@class='alert alert-success add-to-basket-alert text-center'] (tried for 30 second(s) with 1000 milliseconds interval)
Build info: version: '4.16.1', revision: '9b4c83354e'
System info: os.name: 'Windows 10', os.arch: 'amd64', os.version: '10.0', java.version: '17.0.2'
Driver info: driver.version: unknown
at org.openqa.selenium.support.ui.FluentWait.timeoutException(FluentWait.java:261)
at org.openqa.selenium.support.ui.FluentWait.until(FluentWait.java:229)
at validations.ProductListingPageValidations.validatingProductisAddtoCart(ProductListingPageValidations.java:123)
at tasks.ProductListingPageTasks.quickShop(ProductListingPageTasks.java:75)
at tasks.HomePageTasks.miniCartBtnClick(HomePageTasks.java:97)
at tasks.ViewCartPageTasks.viewCartpage(ViewCartPageTasks.java:40)
at tasks.CheckOutPageTasks.CheckOutPageLoaded(CheckOutPageTasks.java:33)
at tasks.CheckOutPageTasks.GuestMailCheckOut(CheckOutPageTasks.java:39)
at tasks.ShippingPageTasks.shippingPage(ShippingPageTasks.java:30)
at tasks.ShippingPageTasks.enterValidAddress(ShippingPageTasks.java:132)
at tasks.PaymentPageTasks.paymentPageView(PaymentPageTasks.java:38)
at tasks.PaymentPageTasks.gcRedemption(PaymentPageTasks.java:418)
at tasks.PlaceOrderPageTask.placeOrderPage(PlaceOrderPageTask.java:26)
at tasks.PlaceOrderPageTask.editPaymentToPaypal(PlaceOrderPageTask.java:139)
at testScripts.PlaceOrderTest.verifyingTheEditPaymentToPaypalFromPlaceOrderPage(PlaceOrderTest.java:12)
at java.base/jdk.internal.reflect.NativeMethodAccessorImpl.invoke0(Native Method)
at java.base/jdk.internal.reflect.NativeMethodAccessorImpl.invoke(NativeMethodAccessorImpl.java:77)
at java.base/jdk.internal.reflect.DelegatingMethodAccessorImpl.invoke(DelegatingMethodAccessorImpl.java:43)
at java.base/java.lang.reflect.Method.invoke(Method.java:568)
at org.testng.internal.invokers.MethodInvocationHelper.invokeMethod(MethodInvocationHelper.java:139)
at org.testng.internal.invokers.TestInvoker.invokeMethod(TestInvoker.java:677)
at org.testng.internal.invokers.TestInvoker.invokeTestMethod(TestInvoker.java:221)
at org.testng.internal.invokers.MethodRunner.runInSequence(MethodRunner.java:50)
at org.testng.internal.invokers.TestInvoker$MethodInvocationAgent.invoke(TestInvoker.java:969)
at org.testng.internal.invokers.TestInvoker.invokeTestMethods(TestInvoker.java:194)
at org.testng.internal.invokers.TestMethodWorker.invokeTestMethods(TestMethodWorker.java:148)
at org.testng.internal.invokers.TestMethodWorker.run(TestMethodWorker.java:128)
at java.base/java.util.ArrayList.forEach(ArrayList.java:1511)
at org.testng.TestRunner.privateRun(TestRunner.java:829)
at org.testng.TestRunner.run(TestRunner.java:602)
at org.testng.SuiteRunner.runTest(SuiteRunner.java:437)
at org.testng.SuiteRunner.runSequentially(SuiteRunner.java:431)
at org.testng.SuiteRunner.privateRun(SuiteRunner.java:391)
at org.testng.SuiteRunner.run(SuiteRunner.java:330)
at org.testng.SuiteRunnerWorker.runSuite(SuiteRunnerWorker.java:52)
at org.testng.SuiteRunnerWorker.run(SuiteRunnerWorker.java:95)
at org.testng.TestNG.runSuitesSequentially(TestNG.java:1256)
at org.testng.TestNG.runSuitesLocally(TestNG.java:1176)
at org.testng.TestNG.runSuites(TestNG.java:1099)
at org.testng.TestNG.run(TestNG.java:1067)
at org.testng.remote.AbstractRemoteTestNG.run(AbstractRemoteTestNG.java:115)
at org.testng.remote.RemoteTestNG.initAndRun(RemoteTestNG.java:251)
at org.testng.remote.RemoteTestNG.main(RemoteTestNG.java:77)
]]>
            </full-stacktrace>
          </exception> <!-- org.openqa.selenium.TimeoutException -->
          <reporter-output>
          </reporter-output>
        </test-method> <!-- verifyingTheEditPaymentToPaypalFromPlaceOrderPage -->
        <test-method is-config="true" signature="afterMethod(org.testng.ITestResult)[pri:0, instance:testScripts.PlaceOrderTest@15400fff]" started-at="2024-01-31T17:19:24 IST" name="afterMethod" finished-at="2024-01-31T17:19:24 IST" duration-ms="405" status="PASS">
          <params>
            <param index="0">
              <value>
                <![CDATA[[TestResult name=verifyingTheEditPaymentToPaypalFromPlaceOrderPage status=FAILURE method=PlaceOrderTest.verifyingTheEditPaymentToPaypalFromPlaceOrderPage()[pri:0, instance:testScripts.PlaceOrderTest@15400fff] output={null}]]]>
              </value>
            </param>
          </params>
          <reporter-output>
          </reporter-output>
        </test-method> <!-- afterMethod -->
      </class> <!-- testScripts.PlaceOrderTest -->
      <class name="testScripts.FindAStoreTest">
        <test-method is-config="true" signature="setUp()[pri:0, instance:testScripts.FindAStoreTest@26cb5207]" started-at="2024-01-31T17:18:22 IST" name="setUp" finished-at="2024-01-31T17:18:24 IST" duration-ms="2018" status="PASS">
          <reporter-output>
          </reporter-output>
        </test-method> <!-- setUp -->
        <test-method signature="verifyFindAStore()[pri:0, instance:testScripts.FindAStoreTest@26cb5207]" started-at="2024-01-31T17:18:24 IST" name="verifyFindAStore" finished-at="2024-01-31T17:18:24 IST" duration-ms="47" status="PASS">
          <reporter-output>
          </reporter-output>
        </test-method> <!-- verifyFindAStore -->
        <test-method is-config="true" signature="afterClass(java.lang.reflect.Method)[pri:0, instance:testScripts.FindAStoreTest@26cb5207]" started-at="2024-01-31T17:18:24 IST" name="afterClass" finished-at="2024-01-31T17:18:24 IST" duration-ms="0" status="PASS">
          <params>
            <param index="0">
              <value>
                <![CDATA[public static void testScripts.FindAStoreTest.verifyFindAStore() throws java.lang.Exception]]>
              </value>
            </param>
          </params>
          <reporter-output>
          </reporter-output>
        </test-method> <!-- afterClass -->
        <test-method is-config="true" signature="afterMethod(org.testng.ITestResult)[pri:0, instance:testScripts.FindAStoreTest@26cb5207]" started-at="2024-01-31T17:18:24 IST" name="afterMethod" finished-at="2024-01-31T17:18:24 IST" duration-ms="8" status="PASS">
          <params>
            <param index="0">
              <value>
                <![CDATA[[TestResult name=verifyFindAStore status=SUCCESS method=FindAStoreTest.verifyFindAStore()[pri:0, instance:testScripts.FindAStoreTest@26cb5207] output={null}]]]>
              </value>
            </param>
          </params>
          <reporter-output>
          </reporter-output>
        </test-method> <!-- afterMethod -->
      </class> <!-- testScripts.FindAStoreTest -->
    </test> <!-- SmokeTest -->
  </suite> <!-- Providio Regression Test -->
</testng-results>
