<?xml version="1.0" encoding="UTF-8"?>
<testng-results ignored="33" total="39" passed="6" failed="0" skipped="0">
  <reporter-output>
  </reporter-output>
  <suite started-at="2024-01-23T22:49:41 IST" name="Providio Regression Test" finished-at="2024-01-23T22:53:15 IST" duration-ms="214165">
    <groups>
      <group name="regression">
        <method signature="launchBrowsering.verifyHomePageLaunching()[pri:0, instance:browser.launchBrowsering@3f36e8d1]" name="verifyHomePageLaunching" class="browser.launchBrowsering"/>
      </group> <!-- regression -->
      <group name="smoke">
        <method signature="launchBrowsering.verifyHomePageLaunching()[pri:0, instance:browser.launchBrowsering@3f36e8d1]" name="verifyHomePageLaunching" class="browser.launchBrowsering"/>
      </group> <!-- smoke -->
    </groups>
    <test started-at="2024-01-23T22:49:41 IST" name="SmokeTest" finished-at="2024-01-23T22:53:15 IST" duration-ms="214165">
      <class name="browser.launchBrowsering">
        <test-method is-config="true" signature="setUpforReport()[pri:0, instance:browser.launchBrowsering@3f36e8d1]" started-at="2024-01-23T22:49:33 IST" name="setUpforReport" finished-at="2024-01-23T22:49:41 IST" duration-ms="7846" status="PASS">
          <reporter-output>
          </reporter-output>
        </test-method> <!-- setUpforReport -->
        <test-method is-config="true" signature="setUp()[pri:0, instance:browser.launchBrowsering@3f36e8d1]" started-at="2024-01-23T22:49:41 IST" name="setUp" finished-at="2024-01-23T22:49:43 IST" duration-ms="2103" status="PASS">
          <reporter-output>
          </reporter-output>
        </test-method> <!-- setUp -->
        <test-method is-config="true" signature="afterClass(java.lang.reflect.Method)[pri:0, instance:browser.launchBrowsering@3f36e8d1]" started-at="2024-01-23T22:49:43 IST" name="afterClass" finished-at="2024-01-23T22:49:43 IST" duration-ms="13" status="PASS">
          <params>
            <param index="0">
              <value>
                <![CDATA[public void browser.launchBrowsering.verifyHomePageLaunching() throws java.lang.InterruptedException]]>
              </value>
            </param>
          </params>
          <reporter-output>
          </reporter-output>
        </test-method> <!-- afterClass -->
        <test-method signature="verifyHomePageLaunching()[pri:0, instance:browser.launchBrowsering@3f36e8d1]" started-at="2024-01-23T22:49:43 IST" name="verifyHomePageLaunching" finished-at="2024-01-23T22:49:53 IST" duration-ms="9997" status="PASS">
          <reporter-output>
          </reporter-output>
        </test-method> <!-- verifyHomePageLaunching -->
        <test-method is-config="true" signature="afterMethod(org.testng.ITestResult)[pri:0, instance:browser.launchBrowsering@3f36e8d1]" started-at="2024-01-23T22:49:53 IST" name="afterMethod" finished-at="2024-01-23T22:49:54 IST" duration-ms="365" status="PASS">
          <params>
            <param index="0">
              <value>
                <![CDATA[[TestResult name=verifyHomePageLaunching status=SUCCESS method=launchBrowsering.verifyHomePageLaunching()[pri:0, instance:browser.launchBrowsering@3f36e8d1] output={null}]]]>
              </value>
            </param>
          </params>
          <reporter-output>
          </reporter-output>
        </test-method> <!-- afterMethod -->
        <test-method is-config="true" signature="tearDown()[pri:0, instance:browser.launchBrowsering@3f36e8d1]" started-at="2024-01-23T22:53:15 IST" name="tearDown" finished-at="2024-01-23T22:53:24 IST" duration-ms="9277" status="PASS">
          <reporter-output>
          </reporter-output>
        </test-method> <!-- tearDown -->
      </class> <!-- browser.launchBrowsering -->
      <class name="testScripts.LoginPageTest">
        <test-method is-config="true" signature="setUp()[pri:0, instance:testScripts.LoginPageTest@41da3aee]" started-at="2024-01-23T22:49:54 IST" name="setUp" finished-at="2024-01-23T22:49:56 IST" duration-ms="2126" status="PASS">
          <reporter-output>
          </reporter-output>
        </test-method> <!-- setUp -->
        <test-method is-config="true" signature="afterClass(java.lang.reflect.Method)[pri:0, instance:testScripts.LoginPageTest@41da3aee]" started-at="2024-01-23T22:49:56 IST" name="afterClass" finished-at="2024-01-23T22:49:56 IST" duration-ms="1" status="PASS">
          <params>
            <param index="0">
              <value>
                <![CDATA[public void testScripts.LoginPageTest.VerifyingLoginWithValidCredentials() throws java.lang.Exception]]>
              </value>
            </param>
          </params>
          <reporter-output>
          </reporter-output>
        </test-method> <!-- afterClass -->
        <test-method signature="VerifyingLoginWithValidCredentials()[pri:0, instance:testScripts.LoginPageTest@41da3aee]" started-at="2024-01-23T22:49:56 IST" name="VerifyingLoginWithValidCredentials" finished-at="2024-01-23T22:50:44 IST" depends-on-methods="browser.launchBrowsering.verifyHomePageLaunching" duration-ms="48743" status="PASS">
          <reporter-output>
          </reporter-output>
        </test-method> <!-- VerifyingLoginWithValidCredentials -->
        <test-method is-config="true" signature="afterMethod(org.testng.ITestResult)[pri:0, instance:testScripts.LoginPageTest@41da3aee]" started-at="2024-01-23T22:50:44 IST" name="afterMethod" finished-at="2024-01-23T22:50:44 IST" duration-ms="14" status="PASS">
          <params>
            <param index="0">
              <value>
                <![CDATA[[TestResult name=VerifyingLoginWithValidCredentials status=SUCCESS method=LoginPageTest.VerifyingLoginWithValidCredentials()[pri:0, instance:testScripts.LoginPageTest@41da3aee] output={null}]]]>
              </value>
            </param>
          </params>
          <reporter-output>
          </reporter-output>
        </test-method> <!-- afterMethod -->
      </class> <!-- testScripts.LoginPageTest -->
      <class name="testScripts.CheckOutPage2Test">
        <test-method is-config="true" signature="setUp()[pri:0, instance:testScripts.CheckOutPage2Test@5dc0ff7d]" started-at="2024-01-23T22:50:44 IST" name="setUp" finished-at="2024-01-23T22:50:46 IST" duration-ms="2018" status="PASS">
          <reporter-output>
          </reporter-output>
        </test-method> <!-- setUp -->
        <test-method is-config="true" signature="afterClass(java.lang.reflect.Method)[pri:0, instance:testScripts.CheckOutPage2Test@5dc0ff7d]" started-at="2024-01-23T22:50:46 IST" name="afterClass" finished-at="2024-01-23T22:50:46 IST" duration-ms="2" status="PASS">
          <params>
            <param index="0">
              <value>
                <![CDATA[public void testScripts.CheckOutPage2Test.verifyingEditEmailInCheckoutPage2() throws java.lang.Exception]]>
              </value>
            </param>
          </params>
          <reporter-output>
          </reporter-output>
        </test-method> <!-- afterClass -->
        <test-method signature="verifyingEditEmailInCheckoutPage2()[pri:0, instance:testScripts.CheckOutPage2Test@5dc0ff7d]" started-at="2024-01-23T22:50:46 IST" name="verifyingEditEmailInCheckoutPage2" finished-at="2024-01-23T22:52:11 IST" duration-ms="84812" status="PASS">
          <reporter-output>
          </reporter-output>
        </test-method> <!-- verifyingEditEmailInCheckoutPage2 -->
        <test-method is-config="true" signature="afterMethod(org.testng.ITestResult)[pri:0, instance:testScripts.CheckOutPage2Test@5dc0ff7d]" started-at="2024-01-23T22:52:11 IST" name="afterMethod" finished-at="2024-01-23T22:52:11 IST" duration-ms="13" status="PASS">
          <params>
            <param index="0">
              <value>
                <![CDATA[[TestResult name=verifyingEditEmailInCheckoutPage2 status=SUCCESS method=CheckOutPage2Test.verifyingEditEmailInCheckoutPage2()[pri:0, instance:testScripts.CheckOutPage2Test@5dc0ff7d] output={null}]]]>
              </value>
            </param>
          </params>
          <reporter-output>
          </reporter-output>
        </test-method> <!-- afterMethod -->
      </class> <!-- testScripts.CheckOutPage2Test -->
      <class name="testScripts.PaymentPageTest">
        <test-method is-config="true" signature="setUp()[pri:0, instance:testScripts.PaymentPageTest@64920dc2]" started-at="2024-01-23T22:52:11 IST" name="setUp" finished-at="2024-01-23T22:52:13 IST" duration-ms="2019" status="PASS">
          <reporter-output>
          </reporter-output>
        </test-method> <!-- setUp -->
        <test-method is-config="true" signature="afterClass(java.lang.reflect.Method)[pri:0, instance:testScripts.PaymentPageTest@64920dc2]" started-at="2024-01-23T22:52:13 IST" name="afterClass" finished-at="2024-01-23T22:52:13 IST" duration-ms="1" status="PASS">
          <params>
            <param index="0">
              <value>
                <![CDATA[public static void testScripts.PaymentPageTest.verifyingEditShippingAddress() throws java.lang.Exception]]>
              </value>
            </param>
          </params>
          <reporter-output>
          </reporter-output>
        </test-method> <!-- afterClass -->
        <test-method signature="verifyingEditShippingAddress()[pri:0, instance:testScripts.PaymentPageTest@64920dc2]" started-at="2024-01-23T22:52:13 IST" name="verifyingEditShippingAddress" finished-at="2024-01-23T22:52:33 IST" duration-ms="19940" status="PASS">
          <reporter-output>
          </reporter-output>
        </test-method> <!-- verifyingEditShippingAddress -->
        <test-method is-config="true" signature="afterMethod(org.testng.ITestResult)[pri:0, instance:testScripts.PaymentPageTest@64920dc2]" started-at="2024-01-23T22:52:33 IST" name="afterMethod" finished-at="2024-01-23T22:52:33 IST" duration-ms="9" status="PASS">
          <params>
            <param index="0">
              <value>
                <![CDATA[[TestResult name=verifyingEditShippingAddress status=SUCCESS method=PaymentPageTest.verifyingEditShippingAddress()[pri:0, instance:testScripts.PaymentPageTest@64920dc2] output={null}]]]>
              </value>
            </param>
          </params>
          <reporter-output>
          </reporter-output>
        </test-method> <!-- afterMethod -->
        <test-method signature="verifyingEditCustomerInfoFromCop3()[pri:0, instance:testScripts.PaymentPageTest@64920dc2]" started-at="2024-01-23T22:52:33 IST" name="verifyingEditCustomerInfoFromCop3" finished-at="2024-01-23T22:52:37 IST" duration-ms="4104" status="PASS">
          <reporter-output>
          </reporter-output>
        </test-method> <!-- verifyingEditCustomerInfoFromCop3 -->
        <test-method is-config="true" signature="afterClass(java.lang.reflect.Method)[pri:0, instance:testScripts.PaymentPageTest@64920dc2]" started-at="2024-01-23T22:52:33 IST" name="afterClass" finished-at="2024-01-23T22:52:33 IST" duration-ms="0" status="PASS">
          <params>
            <param index="0">
              <value>
                <![CDATA[public static void testScripts.PaymentPageTest.verifyingEditCustomerInfoFromCop3() throws java.lang.Exception]]>
              </value>
            </param>
          </params>
          <reporter-output>
          </reporter-output>
        </test-method> <!-- afterClass -->
        <test-method is-config="true" signature="afterMethod(org.testng.ITestResult)[pri:0, instance:testScripts.PaymentPageTest@64920dc2]" started-at="2024-01-23T22:52:37 IST" name="afterMethod" finished-at="2024-01-23T22:52:37 IST" duration-ms="11" status="PASS">
          <params>
            <param index="0">
              <value>
                <![CDATA[[TestResult name=verifyingEditCustomerInfoFromCop3 status=SUCCESS method=PaymentPageTest.verifyingEditCustomerInfoFromCop3()[pri:0, instance:testScripts.PaymentPageTest@64920dc2] output={null}]]]>
              </value>
            </param>
          </params>
          <reporter-output>
          </reporter-output>
        </test-method> <!-- afterMethod -->
        <test-method signature="verifyingUpdateBillingAddress()[pri:0, instance:testScripts.PaymentPageTest@64920dc2]" started-at="2024-01-23T22:52:37 IST" name="verifyingUpdateBillingAddress" finished-at="2024-01-23T22:53:15 IST" duration-ms="37757" status="PASS">
          <reporter-output>
          </reporter-output>
        </test-method> <!-- verifyingUpdateBillingAddress -->
        <test-method is-config="true" signature="afterClass(java.lang.reflect.Method)[pri:0, instance:testScripts.PaymentPageTest@64920dc2]" started-at="2024-01-23T22:52:37 IST" name="afterClass" finished-at="2024-01-23T22:52:37 IST" duration-ms="0" status="PASS">
          <params>
            <param index="0">
              <value>
                <![CDATA[public static void testScripts.PaymentPageTest.verifyingUpdateBillingAddress() throws java.lang.Exception]]>
              </value>
            </param>
          </params>
          <reporter-output>
          </reporter-output>
        </test-method> <!-- afterClass -->
        <test-method is-config="true" signature="afterMethod(org.testng.ITestResult)[pri:0, instance:testScripts.PaymentPageTest@64920dc2]" started-at="2024-01-23T22:53:15 IST" name="afterMethod" finished-at="2024-01-23T22:53:15 IST" duration-ms="8" status="PASS">
          <params>
            <param index="0">
              <value>
                <![CDATA[[TestResult name=verifyingUpdateBillingAddress status=SUCCESS method=PaymentPageTest.verifyingUpdateBillingAddress()[pri:0, instance:testScripts.PaymentPageTest@64920dc2] output={null}]]]>
              </value>
            </param>
          </params>
          <reporter-output>
          </reporter-output>
        </test-method> <!-- afterMethod -->
      </class> <!-- testScripts.PaymentPageTest -->
    </test> <!-- SmokeTest -->
  </suite> <!-- Providio Regression Test -->
</testng-results>
