<?xml version="1.0" encoding="UTF-8"?>
<testng-results ignored="7" total="9" passed="2" failed="0" skipped="0">
  <reporter-output>
  </reporter-output>
  <suite started-at="2024-02-08T21:28:09 IST" name="Providio Regression Test" finished-at="2024-02-08T21:28:51 IST" duration-ms="41448">
    <groups>
      <group name="regression">
        <method signature="launchBrowsering.verifyHomePageLaunching()[pri:0, instance:browser.launchBrowsering@3804a9a8]" name="verifyHomePageLaunching" class="browser.launchBrowsering"/>
      </group> <!-- regression -->
      <group name="smoke">
        <method signature="launchBrowsering.verifyHomePageLaunching()[pri:0, instance:browser.launchBrowsering@3804a9a8]" name="verifyHomePageLaunching" class="browser.launchBrowsering"/>
      </group> <!-- smoke -->
    </groups>
    <test started-at="2024-02-08T21:28:09 IST" name="SmokeTest" finished-at="2024-02-08T21:28:51 IST" duration-ms="41448">
      <class name="browser.launchBrowsering">
        <test-method is-config="true" signature="setUpforReport()[pri:0, instance:browser.launchBrowsering@3804a9a8]" started-at="2024-02-08T21:28:03 IST" name="setUpforReport" finished-at="2024-02-08T21:28:09 IST" duration-ms="6427" status="PASS">
          <reporter-output>
          </reporter-output>
        </test-method> <!-- setUpforReport -->
        <test-method is-config="true" signature="setUp()[pri:0, instance:browser.launchBrowsering@3804a9a8]" started-at="2024-02-08T21:28:09 IST" name="setUp" finished-at="2024-02-08T21:28:11 IST" duration-ms="2047" status="PASS">
          <reporter-output>
          </reporter-output>
        </test-method> <!-- setUp -->
        <test-method is-config="true" signature="afterClass(java.lang.reflect.Method)[pri:0, instance:browser.launchBrowsering@3804a9a8]" started-at="2024-02-08T21:28:11 IST" name="afterClass" finished-at="2024-02-08T21:28:11 IST" duration-ms="6" status="PASS">
          <params>
            <param index="0">
              <value>
                <![CDATA[public void browser.launchBrowsering.verifyHomePageLaunching() throws java.lang.InterruptedException]]>
              </value>
            </param>
          </params>
          <reporter-output>
          </reporter-output>
        </test-method> <!-- afterClass -->
        <test-method signature="verifyHomePageLaunching()[pri:0, instance:browser.launchBrowsering@3804a9a8]" started-at="2024-02-08T21:28:11 IST" name="verifyHomePageLaunching" finished-at="2024-02-08T21:28:23 IST" duration-ms="11090" status="PASS">
          <reporter-output>
          </reporter-output>
        </test-method> <!-- verifyHomePageLaunching -->
        <test-method is-config="true" signature="afterMethod(org.testng.ITestResult)[pri:0, instance:browser.launchBrowsering@3804a9a8]" started-at="2024-02-08T21:28:23 IST" name="afterMethod" finished-at="2024-02-08T21:28:23 IST" duration-ms="109" status="PASS">
          <params>
            <param index="0">
              <value>
                <![CDATA[[TestResult name=verifyHomePageLaunching status=SUCCESS method=launchBrowsering.verifyHomePageLaunching()[pri:0, instance:browser.launchBrowsering@3804a9a8] output={null}]]]>
              </value>
            </param>
          </params>
          <reporter-output>
          </reporter-output>
        </test-method> <!-- afterMethod -->
        <test-method is-config="true" signature="tearDown()[pri:0, instance:browser.launchBrowsering@3804a9a8]" started-at="2024-02-08T21:28:51 IST" name="tearDown" finished-at="2024-02-08T21:28:59 IST" duration-ms="8062" status="PASS">
          <reporter-output>
          </reporter-output>
        </test-method> <!-- tearDown -->
      </class> <!-- browser.launchBrowsering -->
      <class name="testScripts.LoginPageTest">
        <test-method is-config="true" signature="setUp()[pri:0, instance:testScripts.LoginPageTest@e57e5d6]" started-at="2024-02-08T21:28:23 IST" name="setUp" finished-at="2024-02-08T21:28:25 IST" duration-ms="2014" status="PASS">
          <reporter-output>
          </reporter-output>
        </test-method> <!-- setUp -->
        <test-method is-config="true" signature="afterClass(java.lang.reflect.Method)[pri:0, instance:testScripts.LoginPageTest@e57e5d6]" started-at="2024-02-08T21:28:25 IST" name="afterClass" finished-at="2024-02-08T21:28:25 IST" duration-ms="2" status="PASS">
          <params>
            <param index="0">
              <value>
                <![CDATA[public void testScripts.LoginPageTest.VerifyingLoginWithValidCredentials() throws java.lang.Exception]]>
              </value>
            </param>
          </params>
          <reporter-output>
          </reporter-output>
        </test-method> <!-- afterClass -->
        <test-method signature="VerifyingLoginWithValidCredentials()[pri:0, instance:testScripts.LoginPageTest@e57e5d6]" started-at="2024-02-08T21:28:25 IST" name="VerifyingLoginWithValidCredentials" finished-at="2024-02-08T21:28:51 IST" depends-on-methods="browser.launchBrowsering.verifyHomePageLaunching" duration-ms="26078" status="PASS">
          <reporter-output>
          </reporter-output>
        </test-method> <!-- VerifyingLoginWithValidCredentials -->
        <test-method is-config="true" signature="afterMethod(org.testng.ITestResult)[pri:0, instance:testScripts.LoginPageTest@e57e5d6]" started-at="2024-02-08T21:28:51 IST" name="afterMethod" finished-at="2024-02-08T21:28:51 IST" duration-ms="28" status="PASS">
          <params>
            <param index="0">
              <value>
                <![CDATA[[TestResult name=VerifyingLoginWithValidCredentials status=SUCCESS method=LoginPageTest.VerifyingLoginWithValidCredentials()[pri:0, instance:testScripts.LoginPageTest@e57e5d6] output={null}]]]>
              </value>
            </param>
          </params>
          <reporter-output>
          </reporter-output>
        </test-method> <!-- afterMethod -->
      </class> <!-- testScripts.LoginPageTest -->
    </test> <!-- SmokeTest -->
  </suite> <!-- Providio Regression Test -->
</testng-results>
