<?xml version="1.0" encoding="UTF-8"?>
<testng-results ignored="33" total="113" passed="70" failed="2" skipped="8">
  <reporter-output>
  </reporter-output>
  <suite started-at="2024-02-06T20:04:55 IST" name="Providio Regression Test" finished-at="2024-02-06T20:34:41 IST" duration-ms="1785944">
    <groups>
      <group name="regression">
        <method signature="launchBrowsering.verifyHomePageLaunching()[pri:0, instance:browser.launchBrowsering@726aa968]" name="verifyHomePageLaunching" class="browser.launchBrowsering"/>
        <method signature="OrderPlacingWithAllPaymentsTest.verifyingOrderIsPlacingWithCartPagePaypal()[pri:0, instance:testScripts.OrderPlacingWithAllPaymentsTest@599e4d41]" name="verifyingOrderIsPlacingWithCartPagePaypal" class="testScripts.OrderPlacingWithAllPaymentsTest"/>
        <method signature="OrderPlacingWithAllPaymentsTest.verifyingOrderIsPlacingWithCombinationOfGcAndCreditCard()[pri:0, instance:testScripts.OrderPlacingWithAllPaymentsTest@599e4d41]" name="verifyingOrderIsPlacingWithCombinationOfGcAndCreditCard" class="testScripts.OrderPlacingWithAllPaymentsTest"/>
        <method signature="OrderPlacingWithAllPaymentsTest.verifyingOrderIsPlacingWithCombinationOfGcAndPaypal()[pri:0, instance:testScripts.OrderPlacingWithAllPaymentsTest@599e4d41]" name="verifyingOrderIsPlacingWithCombinationOfGcAndPaypal" class="testScripts.OrderPlacingWithAllPaymentsTest"/>
        <method signature="OrderPlacingWithAllPaymentsTest.verifyingOrderIsPlacingWithCreditCard()[pri:0, instance:testScripts.OrderPlacingWithAllPaymentsTest@599e4d41]" name="verifyingOrderIsPlacingWithCreditCard" class="testScripts.OrderPlacingWithAllPaymentsTest"/>
        <method signature="OrderPlacingWithAllPaymentsTest.verifyingOrderIsPlacingWithGiftCard()[pri:0, instance:testScripts.OrderPlacingWithAllPaymentsTest@599e4d41]" name="verifyingOrderIsPlacingWithGiftCard" class="testScripts.OrderPlacingWithAllPaymentsTest"/>
        <method signature="OrderPlacingWithAllPaymentsTest.verifyingOrderIsPlacingWithMiniCartPaypal()[pri:0, instance:testScripts.OrderPlacingWithAllPaymentsTest@599e4d41]" name="verifyingOrderIsPlacingWithMiniCartPaypal" class="testScripts.OrderPlacingWithAllPaymentsTest"/>
        <method signature="OrderPlacingWithAllPaymentsTest.verifyingOrderIsPlacingWithPaypalBuyNowInPdpPage()[pri:0, instance:testScripts.OrderPlacingWithAllPaymentsTest@599e4d41]" name="verifyingOrderIsPlacingWithPaypalBuyNowInPdpPage" class="testScripts.OrderPlacingWithAllPaymentsTest"/>
        <method signature="OrderPlacingWithAllPaymentsTest.verifyingOrderIsPlacingWithPaypalFromCheckoutPage()[pri:0, instance:testScripts.OrderPlacingWithAllPaymentsTest@599e4d41]" name="verifyingOrderIsPlacingWithPaypalFromCheckoutPage" class="testScripts.OrderPlacingWithAllPaymentsTest"/>
        <method signature="ShippingPageTest.verifyingAddNewShippingAddressAndPlaceOrder()[pri:0, instance:testScripts.ShippingPageTest@2b680207]" name="verifyingAddNewShippingAddressAndPlaceOrder" class="testScripts.ShippingPageTest"/>
        <method signature="ShippingPageTest.verifyingAllErrorsInShippingForm()[pri:0, instance:testScripts.ShippingPageTest@2b680207]" name="verifyingAllErrorsInShippingForm" class="testScripts.ShippingPageTest"/>
        <method signature="ShippingPageTest.verifyingTheAddressError()[pri:0, instance:testScripts.ShippingPageTest@2b680207]" name="verifyingTheAddressError" class="testScripts.ShippingPageTest"/>
        <method signature="ShippingPageTest.verifyingTheErrorsInFirstName()[pri:0, instance:testScripts.ShippingPageTest@2b680207]" name="verifyingTheErrorsInFirstName" class="testScripts.ShippingPageTest"/>
        <method signature="ShippingPageTest.verifyingTheErrorsInLastName()[pri:0, instance:testScripts.ShippingPageTest@2b680207]" name="verifyingTheErrorsInLastName" class="testScripts.ShippingPageTest"/>
        <method signature="ShippingPageTest.verifyingUpdateShippingAddressAndPlaceOrder()[pri:0, instance:testScripts.ShippingPageTest@2b680207]" name="verifyingUpdateShippingAddressAndPlaceOrder" class="testScripts.ShippingPageTest"/>
        <method signature="ShippingPageTest.verifyingWithValidShippingAddress()[pri:0, instance:testScripts.ShippingPageTest@2b680207]" name="verifyingWithValidShippingAddress" class="testScripts.ShippingPageTest"/>
        <method signature="ShippingPageTest.verifyingphoneNumberError()[pri:0, instance:testScripts.ShippingPageTest@2b680207]" name="verifyingphoneNumberError" class="testScripts.ShippingPageTest"/>
      </group> <!-- regression -->
      <group name="smoke">
        <method signature="launchBrowsering.verifyHomePageLaunching()[pri:0, instance:browser.launchBrowsering@726aa968]" name="verifyHomePageLaunching" class="browser.launchBrowsering"/>
        <method signature="OrderPlacingWithAllPaymentsTest.verifyingOrderIsPlacingWithCartPagePaypal()[pri:0, instance:testScripts.OrderPlacingWithAllPaymentsTest@599e4d41]" name="verifyingOrderIsPlacingWithCartPagePaypal" class="testScripts.OrderPlacingWithAllPaymentsTest"/>
        <method signature="OrderPlacingWithAllPaymentsTest.verifyingOrderIsPlacingWithCombinationOfGcAndCreditCard()[pri:0, instance:testScripts.OrderPlacingWithAllPaymentsTest@599e4d41]" name="verifyingOrderIsPlacingWithCombinationOfGcAndCreditCard" class="testScripts.OrderPlacingWithAllPaymentsTest"/>
        <method signature="OrderPlacingWithAllPaymentsTest.verifyingOrderIsPlacingWithCombinationOfGcAndPaypal()[pri:0, instance:testScripts.OrderPlacingWithAllPaymentsTest@599e4d41]" name="verifyingOrderIsPlacingWithCombinationOfGcAndPaypal" class="testScripts.OrderPlacingWithAllPaymentsTest"/>
        <method signature="OrderPlacingWithAllPaymentsTest.verifyingOrderIsPlacingWithCreditCard()[pri:0, instance:testScripts.OrderPlacingWithAllPaymentsTest@599e4d41]" name="verifyingOrderIsPlacingWithCreditCard" class="testScripts.OrderPlacingWithAllPaymentsTest"/>
        <method signature="OrderPlacingWithAllPaymentsTest.verifyingOrderIsPlacingWithGiftCard()[pri:0, instance:testScripts.OrderPlacingWithAllPaymentsTest@599e4d41]" name="verifyingOrderIsPlacingWithGiftCard" class="testScripts.OrderPlacingWithAllPaymentsTest"/>
        <method signature="OrderPlacingWithAllPaymentsTest.verifyingOrderIsPlacingWithMiniCartPaypal()[pri:0, instance:testScripts.OrderPlacingWithAllPaymentsTest@599e4d41]" name="verifyingOrderIsPlacingWithMiniCartPaypal" class="testScripts.OrderPlacingWithAllPaymentsTest"/>
        <method signature="OrderPlacingWithAllPaymentsTest.verifyingOrderIsPlacingWithPaypalBuyNowInPdpPage()[pri:0, instance:testScripts.OrderPlacingWithAllPaymentsTest@599e4d41]" name="verifyingOrderIsPlacingWithPaypalBuyNowInPdpPage" class="testScripts.OrderPlacingWithAllPaymentsTest"/>
        <method signature="OrderPlacingWithAllPaymentsTest.verifyingOrderIsPlacingWithPaypalFromCheckoutPage()[pri:0, instance:testScripts.OrderPlacingWithAllPaymentsTest@599e4d41]" name="verifyingOrderIsPlacingWithPaypalFromCheckoutPage" class="testScripts.OrderPlacingWithAllPaymentsTest"/>
        <method signature="ShippingPageTest.verifyingAddNewShippingAddressAndPlaceOrder()[pri:0, instance:testScripts.ShippingPageTest@2b680207]" name="verifyingAddNewShippingAddressAndPlaceOrder" class="testScripts.ShippingPageTest"/>
        <method signature="ShippingPageTest.verifyingAllErrorsInShippingForm()[pri:0, instance:testScripts.ShippingPageTest@2b680207]" name="verifyingAllErrorsInShippingForm" class="testScripts.ShippingPageTest"/>
        <method signature="ShippingPageTest.verifyingTheAddressError()[pri:0, instance:testScripts.ShippingPageTest@2b680207]" name="verifyingTheAddressError" class="testScripts.ShippingPageTest"/>
        <method signature="ShippingPageTest.verifyingTheErrorsInFirstName()[pri:0, instance:testScripts.ShippingPageTest@2b680207]" name="verifyingTheErrorsInFirstName" class="testScripts.ShippingPageTest"/>
        <method signature="ShippingPageTest.verifyingTheErrorsInLastName()[pri:0, instance:testScripts.ShippingPageTest@2b680207]" name="verifyingTheErrorsInLastName" class="testScripts.ShippingPageTest"/>
        <method signature="ShippingPageTest.verifyingUpdateShippingAddressAndPlaceOrder()[pri:0, instance:testScripts.ShippingPageTest@2b680207]" name="verifyingUpdateShippingAddressAndPlaceOrder" class="testScripts.ShippingPageTest"/>
        <method signature="ShippingPageTest.verifyingWithValidShippingAddress()[pri:0, instance:testScripts.ShippingPageTest@2b680207]" name="verifyingWithValidShippingAddress" class="testScripts.ShippingPageTest"/>
        <method signature="ShippingPageTest.verifyingphoneNumberError()[pri:0, instance:testScripts.ShippingPageTest@2b680207]" name="verifyingphoneNumberError" class="testScripts.ShippingPageTest"/>
      </group> <!-- smoke -->
    </groups>
    <test started-at="2024-02-06T20:04:55 IST" name="Regression Testing" finished-at="2024-02-06T20:34:41 IST" duration-ms="1785944">
      <class name="browser.launchBrowsering">
        <test-method is-config="true" signature="setUpforReport()[pri:0, instance:browser.launchBrowsering@726aa968]" started-at="2024-02-06T20:04:50 IST" name="setUpforReport" finished-at="2024-02-06T20:04:55 IST" duration-ms="5501" status="PASS">
          <reporter-output>
          </reporter-output>
        </test-method> <!-- setUpforReport -->
        <test-method is-config="true" signature="setUp()[pri:0, instance:browser.launchBrowsering@726aa968]" started-at="2024-02-06T20:04:55 IST" name="setUp" finished-at="2024-02-06T20:04:57 IST" duration-ms="2045" status="PASS">
          <reporter-output>
          </reporter-output>
        </test-method> <!-- setUp -->
        <test-method is-config="true" signature="afterClass(java.lang.reflect.Method)[pri:0, instance:browser.launchBrowsering@726aa968]" started-at="2024-02-06T20:04:57 IST" name="afterClass" finished-at="2024-02-06T20:04:57 IST" duration-ms="6" status="PASS">
          <params>
            <param index="0">
              <value>
                <![CDATA[public void browser.launchBrowsering.verifyHomePageLaunching() throws java.lang.InterruptedException]]>
              </value>
            </param>
          </params>
          <reporter-output>
          </reporter-output>
        </test-method> <!-- afterClass -->
        <test-method signature="verifyHomePageLaunching()[pri:0, instance:browser.launchBrowsering@726aa968]" started-at="2024-02-06T20:04:57 IST" name="verifyHomePageLaunching" finished-at="2024-02-06T20:05:05 IST" duration-ms="7476" status="PASS">
          <reporter-output>
          </reporter-output>
        </test-method> <!-- verifyHomePageLaunching -->
        <test-method is-config="true" signature="afterMethod(org.testng.ITestResult)[pri:0, instance:browser.launchBrowsering@726aa968]" started-at="2024-02-06T20:05:05 IST" name="afterMethod" finished-at="2024-02-06T20:05:05 IST" duration-ms="73" status="PASS">
          <params>
            <param index="0">
              <value>
                <![CDATA[[TestResult name=verifyHomePageLaunching status=SUCCESS method=launchBrowsering.verifyHomePageLaunching()[pri:0, instance:browser.launchBrowsering@726aa968] output={null}]]]>
              </value>
            </param>
          </params>
          <reporter-output>
          </reporter-output>
        </test-method> <!-- afterMethod -->
        <test-method is-config="true" signature="tearDown()[pri:0, instance:browser.launchBrowsering@726aa968]" started-at="2024-02-06T20:34:41 IST" name="tearDown" finished-at="2024-02-06T20:34:43 IST" duration-ms="1880" status="FAIL">
          <exception class="org.openqa.selenium.WebDriverException">
            <message>
              <![CDATA[unknown error: failed to change window state to 'normal', current state is 'maximized'
  (Session info: chrome=121.0.6167.140)
Build info: version: '4.16.1', revision: '9b4c83354e'
System info: os.name: 'Windows 10', os.arch: 'amd64', os.version: '10.0', java.version: '17.0.2'
Driver info: org.openqa.selenium.chrome.ChromeDriver
Command: [4b0bac046bfaa81710643379bc08bb9b, maximizeCurrentWindow {}]
Capabilities {acceptInsecureCerts: false, browserName: chrome, browserVersion: 121.0.6167.140, chrome: {chromedriverVersion: 121.0.6167.85 (3f98d690ad7e..., userDataDir: C:\Users\user\AppData\Local...}, fedcm:accounts: true, goog:chromeOptions: {debuggerAddress: localhost:56069}, networkConnectionEnabled: false, pageLoadStrategy: normal, platformName: windows, proxy: Proxy(), se:cdp: ws://localhost:56069/devtoo..., se:cdpVersion: 121.0.6167.140, setWindowRect: true, strictFileInteractability: false, timeouts: {implicit: 0, pageLoad: 300000, script: 30000}, unhandledPromptBehavior: dismiss and notify, webauthn:extension:credBlob: true, webauthn:extension:largeBlob: true, webauthn:extension:minPinLength: true, webauthn:extension:prf: true, webauthn:virtualAuthenticators: true}
Session ID: 4b0bac046bfaa81710643379bc08bb9b]]>
            </message>
            <full-stacktrace>
              <![CDATA[org.openqa.selenium.WebDriverException: unknown error: failed to change window state to 'normal', current state is 'maximized'
  (Session info: chrome=121.0.6167.140)
Build info: version: '4.16.1', revision: '9b4c83354e'
System info: os.name: 'Windows 10', os.arch: 'amd64', os.version: '10.0', java.version: '17.0.2'
Driver info: org.openqa.selenium.chrome.ChromeDriver
Command: [4b0bac046bfaa81710643379bc08bb9b, maximizeCurrentWindow {}]
Capabilities {acceptInsecureCerts: false, browserName: chrome, browserVersion: 121.0.6167.140, chrome: {chromedriverVersion: 121.0.6167.85 (3f98d690ad7e..., userDataDir: C:\Users\user\AppData\Local...}, fedcm:accounts: true, goog:chromeOptions: {debuggerAddress: localhost:56069}, networkConnectionEnabled: false, pageLoadStrategy: normal, platformName: windows, proxy: Proxy(), se:cdp: ws://localhost:56069/devtoo..., se:cdpVersion: 121.0.6167.140, setWindowRect: true, strictFileInteractability: false, timeouts: {implicit: 0, pageLoad: 300000, script: 30000}, unhandledPromptBehavior: dismiss and notify, webauthn:extension:credBlob: true, webauthn:extension:largeBlob: true, webauthn:extension:minPinLength: true, webauthn:extension:prf: true, webauthn:virtualAuthenticators: true}
Session ID: 4b0bac046bfaa81710643379bc08bb9b
at java.base/jdk.internal.reflect.NativeConstructorAccessorImpl.newInstance0(Native Method)
at java.base/jdk.internal.reflect.NativeConstructorAccessorImpl.newInstance(NativeConstructorAccessorImpl.java:77)
at java.base/jdk.internal.reflect.DelegatingConstructorAccessorImpl.newInstance(DelegatingConstructorAccessorImpl.java:45)
at java.base/java.lang.reflect.Constructor.newInstanceWithCaller(Constructor.java:499)
at java.base/java.lang.reflect.Constructor.newInstance(Constructor.java:480)
at org.openqa.selenium.remote.codec.w3c.W3CHttpResponseCodec.createException(W3CHttpResponseCodec.java:200)
at org.openqa.selenium.remote.codec.w3c.W3CHttpResponseCodec.decode(W3CHttpResponseCodec.java:133)
at org.openqa.selenium.remote.codec.w3c.W3CHttpResponseCodec.decode(W3CHttpResponseCodec.java:52)
at org.openqa.selenium.remote.HttpCommandExecutor.execute(HttpCommandExecutor.java:191)
at org.openqa.selenium.remote.service.DriverCommandExecutor.invokeExecute(DriverCommandExecutor.java:200)
at org.openqa.selenium.remote.service.DriverCommandExecutor.execute(DriverCommandExecutor.java:175)
at org.openqa.selenium.remote.RemoteWebDriver.execute(RemoteWebDriver.java:523)
at org.openqa.selenium.remote.RemoteWebDriver.execute(RemoteWebDriver.java:596)
at org.openqa.selenium.remote.RemoteWebDriver.execute(RemoteWebDriver.java:600)
at org.openqa.selenium.remote.RemoteWebDriver$RemoteWebDriverOptions$RemoteWindow.maximize(RemoteWebDriver.java:1039)
at com.providio.testcases.baseClass.tearDown(baseClass.java:310)
at java.base/jdk.internal.reflect.NativeMethodAccessorImpl.invoke0(Native Method)
at java.base/jdk.internal.reflect.NativeMethodAccessorImpl.invoke(NativeMethodAccessorImpl.java:77)
at java.base/jdk.internal.reflect.DelegatingMethodAccessorImpl.invoke(DelegatingMethodAccessorImpl.java:43)
at java.base/java.lang.reflect.Method.invoke(Method.java:568)
at org.testng.internal.invokers.MethodInvocationHelper.invokeMethod(MethodInvocationHelper.java:139)
at org.testng.internal.invokers.MethodInvocationHelper.invokeMethodConsideringTimeout(MethodInvocationHelper.java:69)
at org.testng.internal.invokers.ConfigInvoker.invokeConfigurationMethod(ConfigInvoker.java:361)
at org.testng.internal.invokers.ConfigInvoker.invokeConfigurations(ConfigInvoker.java:296)
at org.testng.SuiteRunner.privateRun(SuiteRunner.java:404)
at org.testng.SuiteRunner.run(SuiteRunner.java:330)
at org.testng.SuiteRunnerWorker.runSuite(SuiteRunnerWorker.java:52)
at org.testng.SuiteRunnerWorker.run(SuiteRunnerWorker.java:95)
at org.testng.TestNG.runSuitesSequentially(TestNG.java:1256)
at org.testng.TestNG.runSuitesLocally(TestNG.java:1176)
at org.testng.TestNG.runSuites(TestNG.java:1099)
at org.testng.TestNG.run(TestNG.java:1067)
at org.testng.remote.AbstractRemoteTestNG.run(AbstractRemoteTestNG.java:115)
at org.testng.remote.RemoteTestNG.initAndRun(RemoteTestNG.java:251)
at org.testng.remote.RemoteTestNG.main(RemoteTestNG.java:77)
]]>
            </full-stacktrace>
          </exception> <!-- org.openqa.selenium.WebDriverException -->
          <reporter-output>
          </reporter-output>
        </test-method> <!-- tearDown -->
      </class> <!-- browser.launchBrowsering -->
      <class name="testScripts.GiftCertificateTest">
        <test-method is-config="true" signature="setUp()[pri:0, instance:testScripts.GiftCertificateTest@a098d76]" started-at="2024-02-06T20:05:31 IST" name="setUp" finished-at="2024-02-06T20:05:33 IST" duration-ms="2008" status="PASS">
          <reporter-output>
          </reporter-output>
        </test-method> <!-- setUp -->
        <test-method signature="verifyErrorMsgsInGiftCard()[pri:0, instance:testScripts.GiftCertificateTest@a098d76]" started-at="2024-02-06T20:05:33 IST" name="verifyErrorMsgsInGiftCard" finished-at="2024-02-06T20:05:40 IST" duration-ms="6636" status="PASS">
          <reporter-output>
          </reporter-output>
        </test-method> <!-- verifyErrorMsgsInGiftCard -->
        <test-method is-config="true" signature="afterClass(java.lang.reflect.Method)[pri:0, instance:testScripts.GiftCertificateTest@a098d76]" started-at="2024-02-06T20:05:33 IST" name="afterClass" finished-at="2024-02-06T20:05:33 IST" duration-ms="0" status="PASS">
          <params>
            <param index="0">
              <value>
                <![CDATA[public static void testScripts.GiftCertificateTest.verifyErrorMsgsInGiftCard() throws java.lang.Exception]]>
              </value>
            </param>
          </params>
          <reporter-output>
          </reporter-output>
        </test-method> <!-- afterClass -->
        <test-method is-config="true" signature="afterMethod(org.testng.ITestResult)[pri:0, instance:testScripts.GiftCertificateTest@a098d76]" started-at="2024-02-06T20:05:40 IST" name="afterMethod" finished-at="2024-02-06T20:05:40 IST" duration-ms="7" status="PASS">
          <params>
            <param index="0">
              <value>
                <![CDATA[[TestResult name=verifyErrorMsgsInGiftCard status=SUCCESS method=GiftCertificateTest.verifyErrorMsgsInGiftCard()[pri:0, instance:testScripts.GiftCertificateTest@a098d76] output={null}]]]>
              </value>
            </param>
          </params>
          <reporter-output>
          </reporter-output>
        </test-method> <!-- afterMethod -->
        <test-method is-config="true" signature="afterClass(java.lang.reflect.Method)[pri:0, instance:testScripts.GiftCertificateTest@a098d76]" started-at="2024-02-06T20:05:40 IST" name="afterClass" finished-at="2024-02-06T20:05:40 IST" duration-ms="1" status="PASS">
          <params>
            <param index="0">
              <value>
                <![CDATA[public static void testScripts.GiftCertificateTest.verifytheErrorsFromName_Recipients_confirmRecipientEMail() throws java.lang.Exception]]>
              </value>
            </param>
          </params>
          <reporter-output>
          </reporter-output>
        </test-method> <!-- afterClass -->
        <test-method signature="verifytheErrorsFromName_Recipients_confirmRecipientEMail()[pri:0, instance:testScripts.GiftCertificateTest@a098d76]" started-at="2024-02-06T20:05:40 IST" name="verifytheErrorsFromName_Recipients_confirmRecipientEMail" finished-at="2024-02-06T20:05:49 IST" duration-ms="9320" status="PASS">
          <reporter-output>
          </reporter-output>
        </test-method> <!-- verifytheErrorsFromName_Recipients_confirmRecipientEMail -->
        <test-method is-config="true" signature="afterMethod(org.testng.ITestResult)[pri:0, instance:testScripts.GiftCertificateTest@a098d76]" started-at="2024-02-06T20:05:49 IST" name="afterMethod" finished-at="2024-02-06T20:05:49 IST" duration-ms="8" status="PASS">
          <params>
            <param index="0">
              <value>
                <![CDATA[[TestResult name=verifytheErrorsFromName_Recipients_confirmRecipientEMail status=SUCCESS method=GiftCertificateTest.verifytheErrorsFromName_Recipients_confirmRecipientEMail()[pri:0, instance:testScripts.GiftCertificateTest@a098d76] output={null}]]]>
              </value>
            </param>
          </params>
          <reporter-output>
          </reporter-output>
        </test-method> <!-- afterMethod -->
        <test-method signature="verifyTheErrorsRecipientEmailAndConfirmEmail()[pri:0, instance:testScripts.GiftCertificateTest@a098d76]" started-at="2024-02-06T20:05:49 IST" name="verifyTheErrorsRecipientEmailAndConfirmEmail" finished-at="2024-02-06T20:05:59 IST" duration-ms="10227" status="PASS">
          <reporter-output>
          </reporter-output>
        </test-method> <!-- verifyTheErrorsRecipientEmailAndConfirmEmail -->
        <test-method is-config="true" signature="afterClass(java.lang.reflect.Method)[pri:0, instance:testScripts.GiftCertificateTest@a098d76]" started-at="2024-02-06T20:05:49 IST" name="afterClass" finished-at="2024-02-06T20:05:49 IST" duration-ms="0" status="PASS">
          <params>
            <param index="0">
              <value>
                <![CDATA[public static void testScripts.GiftCertificateTest.verifyTheErrorsRecipientEmailAndConfirmEmail() throws java.lang.Exception]]>
              </value>
            </param>
          </params>
          <reporter-output>
          </reporter-output>
        </test-method> <!-- afterClass -->
        <test-method is-config="true" signature="afterMethod(org.testng.ITestResult)[pri:0, instance:testScripts.GiftCertificateTest@a098d76]" started-at="2024-02-06T20:05:59 IST" name="afterMethod" finished-at="2024-02-06T20:05:59 IST" duration-ms="8" status="PASS">
          <params>
            <param index="0">
              <value>
                <![CDATA[[TestResult name=verifyTheErrorsRecipientEmailAndConfirmEmail status=SUCCESS method=GiftCertificateTest.verifyTheErrorsRecipientEmailAndConfirmEmail()[pri:0, instance:testScripts.GiftCertificateTest@a098d76] output={null}]]]>
              </value>
            </param>
          </params>
          <reporter-output>
          </reporter-output>
        </test-method> <!-- afterMethod -->
        <test-method is-config="true" signature="afterClass(java.lang.reflect.Method)[pri:0, instance:testScripts.GiftCertificateTest@a098d76]" started-at="2024-02-06T20:05:59 IST" name="afterClass" finished-at="2024-02-06T20:05:59 IST" duration-ms="1" status="PASS">
          <params>
            <param index="0">
              <value>
                <![CDATA[public static void testScripts.GiftCertificateTest.verifyErrorsForConfirmMail() throws java.lang.Exception]]>
              </value>
            </param>
          </params>
          <reporter-output>
          </reporter-output>
        </test-method> <!-- afterClass -->
        <test-method signature="verifyErrorsForConfirmMail()[pri:0, instance:testScripts.GiftCertificateTest@a098d76]" started-at="2024-02-06T20:05:59 IST" name="verifyErrorsForConfirmMail" finished-at="2024-02-06T20:06:12 IST" duration-ms="12699" status="PASS">
          <reporter-output>
          </reporter-output>
        </test-method> <!-- verifyErrorsForConfirmMail -->
        <test-method is-config="true" signature="afterMethod(org.testng.ITestResult)[pri:0, instance:testScripts.GiftCertificateTest@a098d76]" started-at="2024-02-06T20:06:12 IST" name="afterMethod" finished-at="2024-02-06T20:06:12 IST" duration-ms="14" status="PASS">
          <params>
            <param index="0">
              <value>
                <![CDATA[[TestResult name=verifyErrorsForConfirmMail status=SUCCESS method=GiftCertificateTest.verifyErrorsForConfirmMail()[pri:0, instance:testScripts.GiftCertificateTest@a098d76] output={null}]]]>
              </value>
            </param>
          </params>
          <reporter-output>
          </reporter-output>
        </test-method> <!-- afterMethod -->
        <test-method signature="verifyGiftCardToCart()[pri:0, instance:testScripts.GiftCertificateTest@a098d76]" started-at="2024-02-06T20:06:12 IST" name="verifyGiftCardToCart" finished-at="2024-02-06T20:06:33 IST" duration-ms="21316" status="PASS">
          <reporter-output>
          </reporter-output>
        </test-method> <!-- verifyGiftCardToCart -->
        <test-method is-config="true" signature="afterClass(java.lang.reflect.Method)[pri:0, instance:testScripts.GiftCertificateTest@a098d76]" started-at="2024-02-06T20:06:12 IST" name="afterClass" finished-at="2024-02-06T20:06:12 IST" duration-ms="0" status="PASS">
          <params>
            <param index="0">
              <value>
                <![CDATA[public static void testScripts.GiftCertificateTest.verifyGiftCardToCart() throws java.lang.Exception]]>
              </value>
            </param>
          </params>
          <reporter-output>
          </reporter-output>
        </test-method> <!-- afterClass -->
        <test-method is-config="true" signature="afterMethod(org.testng.ITestResult)[pri:0, instance:testScripts.GiftCertificateTest@a098d76]" started-at="2024-02-06T20:06:33 IST" name="afterMethod" finished-at="2024-02-06T20:06:33 IST" duration-ms="7" status="PASS">
          <params>
            <param index="0">
              <value>
                <![CDATA[[TestResult name=verifyGiftCardToCart status=SUCCESS method=GiftCertificateTest.verifyGiftCardToCart()[pri:0, instance:testScripts.GiftCertificateTest@a098d76] output={null}]]]>
              </value>
            </param>
          </params>
          <reporter-output>
          </reporter-output>
        </test-method> <!-- afterMethod -->
      </class> <!-- testScripts.GiftCertificateTest -->
      <class name="testScripts.ReviewOrderTest">
        <test-method is-config="true" signature="setUp()[pri:0, instance:testScripts.ReviewOrderTest@56da7487]" started-at="2024-02-06T20:27:48 IST" name="setUp" finished-at="2024-02-06T20:27:50 IST" duration-ms="2019" status="PASS">
          <reporter-output>
          </reporter-output>
        </test-method> <!-- setUp -->
        <test-method signature="verifyingPlaceOrderButtonDisplayInReviewOrderPage()[pri:0, instance:testScripts.ReviewOrderTest@56da7487]" started-at="2024-02-06T20:27:50 IST" name="verifyingPlaceOrderButtonDisplayInReviewOrderPage" finished-at="2024-02-06T20:27:50 IST" duration-ms="121" status="PASS">
          <reporter-output>
          </reporter-output>
        </test-method> <!-- verifyingPlaceOrderButtonDisplayInReviewOrderPage -->
        <test-method is-config="true" signature="afterClass(java.lang.reflect.Method)[pri:0, instance:testScripts.ReviewOrderTest@56da7487]" started-at="2024-02-06T20:27:50 IST" name="afterClass" finished-at="2024-02-06T20:27:50 IST" duration-ms="0" status="PASS">
          <params>
            <param index="0">
              <value>
                <![CDATA[public static void testScripts.ReviewOrderTest.verifyingPlaceOrderButtonDisplayInReviewOrderPage() throws java.lang.Exception]]>
              </value>
            </param>
          </params>
          <reporter-output>
          </reporter-output>
        </test-method> <!-- afterClass -->
        <test-method is-config="true" signature="afterMethod(org.testng.ITestResult)[pri:0, instance:testScripts.ReviewOrderTest@56da7487]" started-at="2024-02-06T20:27:50 IST" name="afterMethod" finished-at="2024-02-06T20:27:50 IST" duration-ms="5" status="PASS">
          <params>
            <param index="0">
              <value>
                <![CDATA[[TestResult name=verifyingPlaceOrderButtonDisplayInReviewOrderPage status=SUCCESS method=ReviewOrderTest.verifyingPlaceOrderButtonDisplayInReviewOrderPage()[pri:0, instance:testScripts.ReviewOrderTest@56da7487] output={null}]]]>
              </value>
            </param>
          </params>
          <reporter-output>
          </reporter-output>
        </test-method> <!-- afterMethod -->
        <test-method signature="verifyingTheDisplayOfCustomerInfoInReviewOrderPage()[pri:0, instance:testScripts.ReviewOrderTest@56da7487]" started-at="2024-02-06T20:27:50 IST" name="verifyingTheDisplayOfCustomerInfoInReviewOrderPage" finished-at="2024-02-06T20:27:51 IST" duration-ms="89" status="PASS">
          <reporter-output>
          </reporter-output>
        </test-method> <!-- verifyingTheDisplayOfCustomerInfoInReviewOrderPage -->
        <test-method is-config="true" signature="afterClass(java.lang.reflect.Method)[pri:0, instance:testScripts.ReviewOrderTest@56da7487]" started-at="2024-02-06T20:27:50 IST" name="afterClass" finished-at="2024-02-06T20:27:50 IST" duration-ms="0" status="PASS">
          <params>
            <param index="0">
              <value>
                <![CDATA[public void testScripts.ReviewOrderTest.verifyingTheDisplayOfCustomerInfoInReviewOrderPage() throws java.lang.InterruptedException,java.lang.Exception]]>
              </value>
            </param>
          </params>
          <reporter-output>
          </reporter-output>
        </test-method> <!-- afterClass -->
        <test-method is-config="true" signature="afterMethod(org.testng.ITestResult)[pri:0, instance:testScripts.ReviewOrderTest@56da7487]" started-at="2024-02-06T20:27:51 IST" name="afterMethod" finished-at="2024-02-06T20:27:51 IST" duration-ms="4" status="PASS">
          <params>
            <param index="0">
              <value>
                <![CDATA[[TestResult name=verifyingTheDisplayOfCustomerInfoInReviewOrderPage status=SUCCESS method=ReviewOrderTest.verifyingTheDisplayOfCustomerInfoInReviewOrderPage()[pri:0, instance:testScripts.ReviewOrderTest@56da7487] output={null}]]]>
              </value>
            </param>
          </params>
          <reporter-output>
          </reporter-output>
        </test-method> <!-- afterMethod -->
        <test-method signature="verifyingPaginationOfProductsInReviewOrderPage()[pri:0, instance:testScripts.ReviewOrderTest@56da7487]" started-at="2024-02-06T20:27:51 IST" name="verifyingPaginationOfProductsInReviewOrderPage" finished-at="2024-02-06T20:29:32 IST" duration-ms="101696" status="PASS">
          <reporter-output>
          </reporter-output>
        </test-method> <!-- verifyingPaginationOfProductsInReviewOrderPage -->
        <test-method is-config="true" signature="afterClass(java.lang.reflect.Method)[pri:0, instance:testScripts.ReviewOrderTest@56da7487]" started-at="2024-02-06T20:27:51 IST" name="afterClass" finished-at="2024-02-06T20:27:51 IST" duration-ms="0" status="PASS">
          <params>
            <param index="0">
              <value>
                <![CDATA[public void testScripts.ReviewOrderTest.verifyingPaginationOfProductsInReviewOrderPage() throws java.lang.Exception]]>
              </value>
            </param>
          </params>
          <reporter-output>
          </reporter-output>
        </test-method> <!-- afterClass -->
        <test-method is-config="true" signature="afterMethod(org.testng.ITestResult)[pri:0, instance:testScripts.ReviewOrderTest@56da7487]" started-at="2024-02-06T20:29:32 IST" name="afterMethod" finished-at="2024-02-06T20:29:32 IST" duration-ms="10" status="PASS">
          <params>
            <param index="0">
              <value>
                <![CDATA[[TestResult name=verifyingPaginationOfProductsInReviewOrderPage status=SUCCESS method=ReviewOrderTest.verifyingPaginationOfProductsInReviewOrderPage()[pri:0, instance:testScripts.ReviewOrderTest@56da7487] output={null}]]]>
              </value>
            </param>
          </params>
          <reporter-output>
          </reporter-output>
        </test-method> <!-- afterMethod -->
        <test-method is-config="true" signature="afterClass(java.lang.reflect.Method)[pri:0, instance:testScripts.ReviewOrderTest@56da7487]" started-at="2024-02-06T20:29:32 IST" name="afterClass" finished-at="2024-02-06T20:29:32 IST" duration-ms="1" status="PASS">
          <params>
            <param index="0">
              <value>
                <![CDATA[public void testScripts.ReviewOrderTest.verifyingOrderSummaryDisplayInReviewOrderPage() throws java.lang.Exception]]>
              </value>
            </param>
          </params>
          <reporter-output>
          </reporter-output>
        </test-method> <!-- afterClass -->
        <test-method signature="verifyingOrderSummaryDisplayInReviewOrderPage()[pri:0, instance:testScripts.ReviewOrderTest@56da7487]" started-at="2024-02-06T20:29:32 IST" name="verifyingOrderSummaryDisplayInReviewOrderPage" finished-at="2024-02-06T20:29:32 IST" duration-ms="107" status="PASS">
          <reporter-output>
          </reporter-output>
        </test-method> <!-- verifyingOrderSummaryDisplayInReviewOrderPage -->
        <test-method is-config="true" signature="afterMethod(org.testng.ITestResult)[pri:0, instance:testScripts.ReviewOrderTest@56da7487]" started-at="2024-02-06T20:29:32 IST" name="afterMethod" finished-at="2024-02-06T20:29:32 IST" duration-ms="6" status="PASS">
          <params>
            <param index="0">
              <value>
                <![CDATA[[TestResult name=verifyingOrderSummaryDisplayInReviewOrderPage status=SUCCESS method=ReviewOrderTest.verifyingOrderSummaryDisplayInReviewOrderPage()[pri:0, instance:testScripts.ReviewOrderTest@56da7487] output={null}]]]>
              </value>
            </param>
          </params>
          <reporter-output>
          </reporter-output>
        </test-method> <!-- afterMethod -->
        <test-method signature="verifyingPaymentInfoDisplayInReviewOrderPage()[pri:0, instance:testScripts.ReviewOrderTest@56da7487]" started-at="2024-02-06T20:29:32 IST" name="verifyingPaymentInfoDisplayInReviewOrderPage" finished-at="2024-02-06T20:29:32 IST" duration-ms="75" status="PASS">
          <reporter-output>
          </reporter-output>
        </test-method> <!-- verifyingPaymentInfoDisplayInReviewOrderPage -->
        <test-method is-config="true" signature="afterClass(java.lang.reflect.Method)[pri:0, instance:testScripts.ReviewOrderTest@56da7487]" started-at="2024-02-06T20:29:32 IST" name="afterClass" finished-at="2024-02-06T20:29:32 IST" duration-ms="0" status="PASS">
          <params>
            <param index="0">
              <value>
                <![CDATA[public void testScripts.ReviewOrderTest.verifyingPaymentInfoDisplayInReviewOrderPage() throws java.lang.Exception]]>
              </value>
            </param>
          </params>
          <reporter-output>
          </reporter-output>
        </test-method> <!-- afterClass -->
        <test-method is-config="true" signature="afterMethod(org.testng.ITestResult)[pri:0, instance:testScripts.ReviewOrderTest@56da7487]" started-at="2024-02-06T20:29:32 IST" name="afterMethod" finished-at="2024-02-06T20:29:32 IST" duration-ms="5" status="PASS">
          <params>
            <param index="0">
              <value>
                <![CDATA[[TestResult name=verifyingPaymentInfoDisplayInReviewOrderPage status=SUCCESS method=ReviewOrderTest.verifyingPaymentInfoDisplayInReviewOrderPage()[pri:0, instance:testScripts.ReviewOrderTest@56da7487] output={null}]]]>
              </value>
            </param>
          </params>
          <reporter-output>
          </reporter-output>
        </test-method> <!-- afterMethod -->
        <test-method signature="verifyingEtgLogoDisplayInReviewOrderPage()[pri:0, instance:testScripts.ReviewOrderTest@56da7487]" started-at="2024-02-06T20:29:32 IST" name="verifyingEtgLogoDisplayInReviewOrderPage" finished-at="2024-02-06T20:29:33 IST" duration-ms="79" status="PASS">
          <reporter-output>
          </reporter-output>
        </test-method> <!-- verifyingEtgLogoDisplayInReviewOrderPage -->
        <test-method is-config="true" signature="afterClass(java.lang.reflect.Method)[pri:0, instance:testScripts.ReviewOrderTest@56da7487]" started-at="2024-02-06T20:29:32 IST" name="afterClass" finished-at="2024-02-06T20:29:32 IST" duration-ms="0" status="PASS">
          <params>
            <param index="0">
              <value>
                <![CDATA[public void testScripts.ReviewOrderTest.verifyingEtgLogoDisplayInReviewOrderPage() throws java.lang.Exception]]>
              </value>
            </param>
          </params>
          <reporter-output>
          </reporter-output>
        </test-method> <!-- afterClass -->
        <test-method is-config="true" signature="afterMethod(org.testng.ITestResult)[pri:0, instance:testScripts.ReviewOrderTest@56da7487]" started-at="2024-02-06T20:29:33 IST" name="afterMethod" finished-at="2024-02-06T20:29:33 IST" duration-ms="4" status="PASS">
          <params>
            <param index="0">
              <value>
                <![CDATA[[TestResult name=verifyingEtgLogoDisplayInReviewOrderPage status=SUCCESS method=ReviewOrderTest.verifyingEtgLogoDisplayInReviewOrderPage()[pri:0, instance:testScripts.ReviewOrderTest@56da7487] output={null}]]]>
              </value>
            </param>
          </params>
          <reporter-output>
          </reporter-output>
        </test-method> <!-- afterMethod -->
        <test-method signature="verifyingTheEditPaymentToPaypalFromReviewOrderPage()[pri:0, instance:testScripts.ReviewOrderTest@56da7487]" started-at="2024-02-06T20:29:33 IST" name="verifyingTheEditPaymentToPaypalFromReviewOrderPage" finished-at="2024-02-06T20:29:33 IST" duration-ms="83" status="PASS">
          <reporter-output>
          </reporter-output>
        </test-method> <!-- verifyingTheEditPaymentToPaypalFromReviewOrderPage -->
        <test-method is-config="true" signature="afterClass(java.lang.reflect.Method)[pri:0, instance:testScripts.ReviewOrderTest@56da7487]" started-at="2024-02-06T20:29:33 IST" name="afterClass" finished-at="2024-02-06T20:29:33 IST" duration-ms="0" status="PASS">
          <params>
            <param index="0">
              <value>
                <![CDATA[public void testScripts.ReviewOrderTest.verifyingTheEditPaymentToPaypalFromReviewOrderPage() throws java.lang.InterruptedException,java.lang.Exception]]>
              </value>
            </param>
          </params>
          <reporter-output>
          </reporter-output>
        </test-method> <!-- afterClass -->
        <test-method is-config="true" signature="afterMethod(org.testng.ITestResult)[pri:0, instance:testScripts.ReviewOrderTest@56da7487]" started-at="2024-02-06T20:29:33 IST" name="afterMethod" finished-at="2024-02-06T20:29:33 IST" duration-ms="5" status="PASS">
          <params>
            <param index="0">
              <value>
                <![CDATA[[TestResult name=verifyingTheEditPaymentToPaypalFromReviewOrderPage status=SUCCESS method=ReviewOrderTest.verifyingTheEditPaymentToPaypalFromReviewOrderPage()[pri:0, instance:testScripts.ReviewOrderTest@56da7487] output={null}]]]>
              </value>
            </param>
          </params>
          <reporter-output>
          </reporter-output>
        </test-method> <!-- afterMethod -->
        <test-method signature="verifyingTheEditShippingAddressFromReviewOrderPageAndPlaceOrder()[pri:0, instance:testScripts.ReviewOrderTest@56da7487]" started-at="2024-02-06T20:29:33 IST" name="verifyingTheEditShippingAddressFromReviewOrderPageAndPlaceOrder" finished-at="2024-02-06T20:30:07 IST" duration-ms="34142" status="FAIL">
          <exception class="org.openqa.selenium.UnhandledAlertException">
            <message>
              <![CDATA[unexpected alert open: {Alert text : We're sorry that your order could not be placed. This probably happened due to a high order volume or temporary connection errors. Please wait a few minutes and resubmit your order. We won't process your payment until you successfully place your order. If you have further questions, please contact us.}
  (Session info: chrome=121.0.6167.140): We're sorry that your order could not be placed. This probably happened due to a high order volume or temporary connection errors. Please wait a few minutes and resubmit your order. We won't process your payment until you successfully place your order. If you have further questions, please contact us.
Build info: version: '4.16.1', revision: '9b4c83354e'
System info: os.name: 'Windows 10', os.arch: 'amd64', os.version: '10.0', java.version: '17.0.2'
Driver info: org.openqa.selenium.chrome.ChromeDriver
Command: [4b0bac046bfaa81710643379bc08bb9b, findElement {using=xpath, value=//h2[@class='order-thank-you-msg']}]
Capabilities {acceptInsecureCerts: false, browserName: chrome, browserVersion: 121.0.6167.140, chrome: {chromedriverVersion: 121.0.6167.85 (3f98d690ad7e..., userDataDir: C:\Users\user\AppData\Local...}, fedcm:accounts: true, goog:chromeOptions: {debuggerAddress: localhost:56069}, networkConnectionEnabled: false, pageLoadStrategy: normal, platformName: windows, proxy: Proxy(), se:cdp: ws://localhost:56069/devtoo..., se:cdpVersion: 121.0.6167.140, setWindowRect: true, strictFileInteractability: false, timeouts: {implicit: 0, pageLoad: 300000, script: 30000}, unhandledPromptBehavior: dismiss and notify, webauthn:extension:credBlob: true, webauthn:extension:largeBlob: true, webauthn:extension:minPinLength: true, webauthn:extension:prf: true, webauthn:virtualAuthenticators: true}
Session ID: 4b0bac046bfaa81710643379bc08bb9b]]>
            </message>
            <full-stacktrace>
              <![CDATA[org.openqa.selenium.UnhandledAlertException: unexpected alert open: {Alert text : We're sorry that your order could not be placed. This probably happened due to a high order volume or temporary connection errors. Please wait a few minutes and resubmit your order. We won't process your payment until you successfully place your order. If you have further questions, please contact us.}
  (Session info: chrome=121.0.6167.140): We're sorry that your order could not be placed. This probably happened due to a high order volume or temporary connection errors. Please wait a few minutes and resubmit your order. We won't process your payment until you successfully place your order. If you have further questions, please contact us.
Build info: version: '4.16.1', revision: '9b4c83354e'
System info: os.name: 'Windows 10', os.arch: 'amd64', os.version: '10.0', java.version: '17.0.2'
Driver info: org.openqa.selenium.chrome.ChromeDriver
Command: [4b0bac046bfaa81710643379bc08bb9b, findElement {using=xpath, value=//h2[@class='order-thank-you-msg']}]
Capabilities {acceptInsecureCerts: false, browserName: chrome, browserVersion: 121.0.6167.140, chrome: {chromedriverVersion: 121.0.6167.85 (3f98d690ad7e..., userDataDir: C:\Users\user\AppData\Local...}, fedcm:accounts: true, goog:chromeOptions: {debuggerAddress: localhost:56069}, networkConnectionEnabled: false, pageLoadStrategy: normal, platformName: windows, proxy: Proxy(), se:cdp: ws://localhost:56069/devtoo..., se:cdpVersion: 121.0.6167.140, setWindowRect: true, strictFileInteractability: false, timeouts: {implicit: 0, pageLoad: 300000, script: 30000}, unhandledPromptBehavior: dismiss and notify, webauthn:extension:credBlob: true, webauthn:extension:largeBlob: true, webauthn:extension:minPinLength: true, webauthn:extension:prf: true, webauthn:virtualAuthenticators: true}
Session ID: 4b0bac046bfaa81710643379bc08bb9b
at org.openqa.selenium.remote.codec.w3c.W3CHttpResponseCodec.decode(W3CHttpResponseCodec.java:131)
at org.openqa.selenium.remote.codec.w3c.W3CHttpResponseCodec.decode(W3CHttpResponseCodec.java:52)
at org.openqa.selenium.remote.HttpCommandExecutor.execute(HttpCommandExecutor.java:191)
at org.openqa.selenium.remote.service.DriverCommandExecutor.invokeExecute(DriverCommandExecutor.java:200)
at org.openqa.selenium.remote.service.DriverCommandExecutor.execute(DriverCommandExecutor.java:175)
at org.openqa.selenium.remote.RemoteWebDriver.execute(RemoteWebDriver.java:523)
at org.openqa.selenium.remote.ElementLocation$ElementFinder$2.findElement(ElementLocation.java:165)
at org.openqa.selenium.remote.ElementLocation.findElement(ElementLocation.java:59)
at org.openqa.selenium.remote.RemoteWebDriver.findElement(RemoteWebDriver.java:360)
at org.openqa.selenium.remote.RemoteWebDriver.findElement(RemoteWebDriver.java:354)
at validations.PaymentPageValidation.VerifiedThatPlaceOrderClick(PaymentPageValidation.java:191)
at tasks.ReviewOrderPageTask.placeOrder(ReviewOrderPageTask.java:124)
at tasks.ReviewOrderPageTask.editShippingAddressFromReviewOrderPage(ReviewOrderPageTask.java:142)
at testScripts.ReviewOrderTest.verifyingTheEditShippingAddressFromReviewOrderPageAndPlaceOrder(ReviewOrderTest.java:58)
at java.base/jdk.internal.reflect.NativeMethodAccessorImpl.invoke0(Native Method)
at java.base/jdk.internal.reflect.NativeMethodAccessorImpl.invoke(NativeMethodAccessorImpl.java:77)
at java.base/jdk.internal.reflect.DelegatingMethodAccessorImpl.invoke(DelegatingMethodAccessorImpl.java:43)
at java.base/java.lang.reflect.Method.invoke(Method.java:568)
at org.testng.internal.invokers.MethodInvocationHelper.invokeMethod(MethodInvocationHelper.java:139)
at org.testng.internal.invokers.TestInvoker.invokeMethod(TestInvoker.java:677)
at org.testng.internal.invokers.TestInvoker.invokeTestMethod(TestInvoker.java:221)
at org.testng.internal.invokers.MethodRunner.runInSequence(MethodRunner.java:50)
at org.testng.internal.invokers.TestInvoker$MethodInvocationAgent.invoke(TestInvoker.java:969)
at org.testng.internal.invokers.TestInvoker.invokeTestMethods(TestInvoker.java:194)
at org.testng.internal.invokers.TestMethodWorker.invokeTestMethods(TestMethodWorker.java:148)
at org.testng.internal.invokers.TestMethodWorker.run(TestMethodWorker.java:128)
at java.base/java.util.ArrayList.forEach(ArrayList.java:1511)
at org.testng.TestRunner.privateRun(TestRunner.java:829)
at org.testng.TestRunner.run(TestRunner.java:602)
at org.testng.SuiteRunner.runTest(SuiteRunner.java:437)
at org.testng.SuiteRunner.runSequentially(SuiteRunner.java:431)
at org.testng.SuiteRunner.privateRun(SuiteRunner.java:391)
at org.testng.SuiteRunner.run(SuiteRunner.java:330)
at org.testng.SuiteRunnerWorker.runSuite(SuiteRunnerWorker.java:52)
at org.testng.SuiteRunnerWorker.run(SuiteRunnerWorker.java:95)
at org.testng.TestNG.runSuitesSequentially(TestNG.java:1256)
at org.testng.TestNG.runSuitesLocally(TestNG.java:1176)
at org.testng.TestNG.runSuites(TestNG.java:1099)
at org.testng.TestNG.run(TestNG.java:1067)
at org.testng.remote.AbstractRemoteTestNG.run(AbstractRemoteTestNG.java:115)
at org.testng.remote.RemoteTestNG.initAndRun(RemoteTestNG.java:251)
at org.testng.remote.RemoteTestNG.main(RemoteTestNG.java:77)
]]>
            </full-stacktrace>
          </exception> <!-- org.openqa.selenium.UnhandledAlertException -->
          <reporter-output>
          </reporter-output>
        </test-method> <!-- verifyingTheEditShippingAddressFromReviewOrderPageAndPlaceOrder -->
        <test-method is-config="true" signature="afterClass(java.lang.reflect.Method)[pri:0, instance:testScripts.ReviewOrderTest@56da7487]" started-at="2024-02-06T20:29:33 IST" name="afterClass" finished-at="2024-02-06T20:29:33 IST" duration-ms="0" status="PASS">
          <params>
            <param index="0">
              <value>
                <![CDATA[public void testScripts.ReviewOrderTest.verifyingTheEditShippingAddressFromReviewOrderPageAndPlaceOrder() throws java.lang.InterruptedException,java.lang.Exception]]>
              </value>
            </param>
          </params>
          <reporter-output>
          </reporter-output>
        </test-method> <!-- afterClass -->
        <test-method is-config="true" signature="afterMethod(org.testng.ITestResult)[pri:0, instance:testScripts.ReviewOrderTest@56da7487]" started-at="2024-02-06T20:30:07 IST" name="afterMethod" finished-at="2024-02-06T20:30:11 IST" duration-ms="4342" status="FAIL">
          <params>
            <param index="0">
              <value>
                <![CDATA[[TestResult name=verifyingTheEditShippingAddressFromReviewOrderPageAndPlaceOrder status=FAILURE method=ReviewOrderTest.verifyingTheEditShippingAddressFromReviewOrderPageAndPlaceOrder()[pri:0, instance:testScripts.ReviewOrderTest@56da7487] output={null}]]]>
              </value>
            </param>
          </params>
          <exception class="java.lang.NullPointerException">
            <message>
              <![CDATA[Cannot invoke "org.openqa.selenium.SearchContext.findElement(org.openqa.selenium.By)" because "this.searchContext" is null]]>
            </message>
            <full-stacktrace>
              <![CDATA[java.lang.NullPointerException: Cannot invoke "org.openqa.selenium.SearchContext.findElement(org.openqa.selenium.By)" because "this.searchContext" is null
at org.openqa.selenium.support.pagefactory.DefaultElementLocator.findElement(DefaultElementLocator.java:68)
at org.openqa.selenium.support.pagefactory.internal.LocatingElementHandler.invoke(LocatingElementHandler.java:38)
at jdk.proxy2/jdk.proxy2.$Proxy14.getWrappedElement(Unknown Source)
at org.openqa.selenium.remote.internal.WebElementToJsonConverter.apply(WebElementToJsonConverter.java:51)
at java.base/java.util.stream.ReferencePipeline$3$1.accept(ReferencePipeline.java:197)
at java.base/java.util.Spliterators$ArraySpliterator.forEachRemaining(Spliterators.java:992)
at java.base/java.util.stream.AbstractPipeline.copyInto(AbstractPipeline.java:509)
at java.base/java.util.stream.AbstractPipeline.wrapAndCopyInto(AbstractPipeline.java:499)
at java.base/java.util.stream.ReduceOps$ReduceOp.evaluateSequential(ReduceOps.java:921)
at java.base/java.util.stream.AbstractPipeline.evaluate(AbstractPipeline.java:234)
at java.base/java.util.stream.ReferencePipeline.collect(ReferencePipeline.java:682)
at org.openqa.selenium.remote.RemoteWebDriver.executeScript(RemoteWebDriver.java:466)
at functionality.Actionsss.javascriptClick(Actionsss.java:69)
at com.providio.testcases.baseClass.afterMethod(baseClass.java:290)
at jdk.internal.reflect.GeneratedMethodAccessor14.invoke(Unknown Source)
at java.base/jdk.internal.reflect.DelegatingMethodAccessorImpl.invoke(DelegatingMethodAccessorImpl.java:43)
at java.base/java.lang.reflect.Method.invoke(Method.java:568)
at org.testng.internal.invokers.MethodInvocationHelper.invokeMethod(MethodInvocationHelper.java:139)
at org.testng.internal.invokers.MethodInvocationHelper.invokeMethodConsideringTimeout(MethodInvocationHelper.java:69)
at org.testng.internal.invokers.ConfigInvoker.invokeConfigurationMethod(ConfigInvoker.java:361)
at org.testng.internal.invokers.ConfigInvoker.invokeConfigurations(ConfigInvoker.java:296)
at org.testng.internal.invokers.TestInvoker.runConfigMethods(TestInvoker.java:823)
at org.testng.internal.invokers.TestInvoker.runAfterConfigurations(TestInvoker.java:792)
at org.testng.internal.invokers.TestInvoker.invokeMethod(TestInvoker.java:768)
at org.testng.internal.invokers.TestInvoker.invokeTestMethod(TestInvoker.java:221)
at org.testng.internal.invokers.MethodRunner.runInSequence(MethodRunner.java:50)
at org.testng.internal.invokers.TestInvoker$MethodInvocationAgent.invoke(TestInvoker.java:969)
at org.testng.internal.invokers.TestInvoker.invokeTestMethods(TestInvoker.java:194)
at org.testng.internal.invokers.TestMethodWorker.invokeTestMethods(TestMethodWorker.java:148)
at org.testng.internal.invokers.TestMethodWorker.run(TestMethodWorker.java:128)
at java.base/java.util.ArrayList.forEach(ArrayList.java:1511)
at org.testng.TestRunner.privateRun(TestRunner.java:829)
at org.testng.TestRunner.run(TestRunner.java:602)
at org.testng.SuiteRunner.runTest(SuiteRunner.java:437)
at org.testng.SuiteRunner.runSequentially(SuiteRunner.java:431)
at org.testng.SuiteRunner.privateRun(SuiteRunner.java:391)
at org.testng.SuiteRunner.run(SuiteRunner.java:330)
at org.testng.SuiteRunnerWorker.runSuite(SuiteRunnerWorker.java:52)
at org.testng.SuiteRunnerWorker.run(SuiteRunnerWorker.java:95)
at org.testng.TestNG.runSuitesSequentially(TestNG.java:1256)
at org.testng.TestNG.runSuitesLocally(TestNG.java:1176)
at org.testng.TestNG.runSuites(TestNG.java:1099)
at org.testng.TestNG.run(TestNG.java:1067)
at org.testng.remote.AbstractRemoteTestNG.run(AbstractRemoteTestNG.java:115)
at org.testng.remote.RemoteTestNG.initAndRun(RemoteTestNG.java:251)
at org.testng.remote.RemoteTestNG.main(RemoteTestNG.java:77)
]]>
            </full-stacktrace>
          </exception> <!-- java.lang.NullPointerException -->
          <reporter-output>
          </reporter-output>
        </test-method> <!-- afterMethod -->
        <test-method is-config="true" signature="afterClass(java.lang.reflect.Method)[pri:0, instance:testScripts.ReviewOrderTest@56da7487]" started-at="2024-02-06T20:30:11 IST" name="afterClass" finished-at="2024-02-06T20:30:11 IST" duration-ms="0" status="SKIP">
          <reporter-output>
          </reporter-output>
        </test-method> <!-- afterClass -->
        <test-method signature="verifyingTheEditBillingAddressFromReviewOrderPageAndPlaceOrder()[pri:0, instance:testScripts.ReviewOrderTest@56da7487]" started-at="2024-02-06T20:30:11 IST" name="verifyingTheEditBillingAddressFromReviewOrderPageAndPlaceOrder" finished-at="2024-02-06T20:30:11 IST" duration-ms="0" status="SKIP">
          <exception class="java.lang.NullPointerException">
            <message>
              <![CDATA[Cannot invoke "org.openqa.selenium.SearchContext.findElement(org.openqa.selenium.By)" because "this.searchContext" is null]]>
            </message>
            <full-stacktrace>
              <![CDATA[java.lang.NullPointerException: Cannot invoke "org.openqa.selenium.SearchContext.findElement(org.openqa.selenium.By)" because "this.searchContext" is null
at org.openqa.selenium.support.pagefactory.DefaultElementLocator.findElement(DefaultElementLocator.java:68)
at org.openqa.selenium.support.pagefactory.internal.LocatingElementHandler.invoke(LocatingElementHandler.java:38)
at jdk.proxy2/jdk.proxy2.$Proxy14.getWrappedElement(Unknown Source)
at org.openqa.selenium.remote.internal.WebElementToJsonConverter.apply(WebElementToJsonConverter.java:51)
at java.base/java.util.stream.ReferencePipeline$3$1.accept(ReferencePipeline.java:197)
at java.base/java.util.Spliterators$ArraySpliterator.forEachRemaining(Spliterators.java:992)
at java.base/java.util.stream.AbstractPipeline.copyInto(AbstractPipeline.java:509)
at java.base/java.util.stream.AbstractPipeline.wrapAndCopyInto(AbstractPipeline.java:499)
at java.base/java.util.stream.ReduceOps$ReduceOp.evaluateSequential(ReduceOps.java:921)
at java.base/java.util.stream.AbstractPipeline.evaluate(AbstractPipeline.java:234)
at java.base/java.util.stream.ReferencePipeline.collect(ReferencePipeline.java:682)
at org.openqa.selenium.remote.RemoteWebDriver.executeScript(RemoteWebDriver.java:466)
at functionality.Actionsss.javascriptClick(Actionsss.java:69)
at com.providio.testcases.baseClass.afterMethod(baseClass.java:290)
at jdk.internal.reflect.GeneratedMethodAccessor14.invoke(Unknown Source)
at java.base/jdk.internal.reflect.DelegatingMethodAccessorImpl.invoke(DelegatingMethodAccessorImpl.java:43)
at java.base/java.lang.reflect.Method.invoke(Method.java:568)
at org.testng.internal.invokers.MethodInvocationHelper.invokeMethod(MethodInvocationHelper.java:139)
at org.testng.internal.invokers.MethodInvocationHelper.invokeMethodConsideringTimeout(MethodInvocationHelper.java:69)
at org.testng.internal.invokers.ConfigInvoker.invokeConfigurationMethod(ConfigInvoker.java:361)
at org.testng.internal.invokers.ConfigInvoker.invokeConfigurations(ConfigInvoker.java:296)
at org.testng.internal.invokers.TestInvoker.runConfigMethods(TestInvoker.java:823)
at org.testng.internal.invokers.TestInvoker.runAfterConfigurations(TestInvoker.java:792)
at org.testng.internal.invokers.TestInvoker.invokeMethod(TestInvoker.java:768)
at org.testng.internal.invokers.TestInvoker.invokeTestMethod(TestInvoker.java:221)
at org.testng.internal.invokers.MethodRunner.runInSequence(MethodRunner.java:50)
at org.testng.internal.invokers.TestInvoker$MethodInvocationAgent.invoke(TestInvoker.java:969)
at org.testng.internal.invokers.TestInvoker.invokeTestMethods(TestInvoker.java:194)
at org.testng.internal.invokers.TestMethodWorker.invokeTestMethods(TestMethodWorker.java:148)
at org.testng.internal.invokers.TestMethodWorker.run(TestMethodWorker.java:128)
at java.base/java.util.ArrayList.forEach(ArrayList.java:1511)
at org.testng.TestRunner.privateRun(TestRunner.java:829)
at org.testng.TestRunner.run(TestRunner.java:602)
at org.testng.SuiteRunner.runTest(SuiteRunner.java:437)
at org.testng.SuiteRunner.runSequentially(SuiteRunner.java:431)
at org.testng.SuiteRunner.privateRun(SuiteRunner.java:391)
at org.testng.SuiteRunner.run(SuiteRunner.java:330)
at org.testng.SuiteRunnerWorker.runSuite(SuiteRunnerWorker.java:52)
at org.testng.SuiteRunnerWorker.run(SuiteRunnerWorker.java:95)
at org.testng.TestNG.runSuitesSequentially(TestNG.java:1256)
at org.testng.TestNG.runSuitesLocally(TestNG.java:1176)
at org.testng.TestNG.runSuites(TestNG.java:1099)
at org.testng.TestNG.run(TestNG.java:1067)
at org.testng.remote.AbstractRemoteTestNG.run(AbstractRemoteTestNG.java:115)
at org.testng.remote.RemoteTestNG.initAndRun(RemoteTestNG.java:251)
at org.testng.remote.RemoteTestNG.main(RemoteTestNG.java:77)
]]>
            </full-stacktrace>
          </exception> <!-- java.lang.NullPointerException -->
          <reporter-output>
          </reporter-output>
        </test-method> <!-- verifyingTheEditBillingAddressFromReviewOrderPageAndPlaceOrder -->
        <test-method is-config="true" signature="afterMethod(org.testng.ITestResult)[pri:0, instance:testScripts.ReviewOrderTest@56da7487]" started-at="2024-02-06T20:30:11 IST" name="afterMethod" finished-at="2024-02-06T20:30:11 IST" duration-ms="0" status="SKIP">
          <reporter-output>
          </reporter-output>
        </test-method> <!-- afterMethod -->
      </class> <!-- testScripts.ReviewOrderTest -->
      <class name="OrderRegression.PlaceOrderWithBuyNowPopUp">
        <test-method is-config="true" signature="setUp()[pri:0, instance:OrderRegression.PlaceOrderWithBuyNowPopUp@53b7ce6]" started-at="2024-02-06T20:31:43 IST" name="setUp" finished-at="2024-02-06T20:31:45 IST" duration-ms="2010" status="PASS">
          <reporter-output>
          </reporter-output>
        </test-method> <!-- setUp -->
        <test-method signature="verifyingPlacingOrderWithBuyNowPopUp()[pri:0, instance:OrderRegression.PlaceOrderWithBuyNowPopUp@53b7ce6]" started-at="2024-02-06T20:31:45 IST" name="verifyingPlacingOrderWithBuyNowPopUp" finished-at="2024-02-06T20:33:11 IST" duration-ms="86488" status="PASS">
          <reporter-output>
          </reporter-output>
        </test-method> <!-- verifyingPlacingOrderWithBuyNowPopUp -->
        <test-method is-config="true" signature="afterClass(java.lang.reflect.Method)[pri:0, instance:OrderRegression.PlaceOrderWithBuyNowPopUp@53b7ce6]" started-at="2024-02-06T20:31:45 IST" name="afterClass" finished-at="2024-02-06T20:31:45 IST" duration-ms="0" status="PASS">
          <params>
            <param index="0">
              <value>
                <![CDATA[public static void OrderRegression.PlaceOrderWithBuyNowPopUp.verifyingPlacingOrderWithBuyNowPopUp() throws java.lang.Exception]]>
              </value>
            </param>
          </params>
          <reporter-output>
          </reporter-output>
        </test-method> <!-- afterClass -->
        <test-method is-config="true" signature="afterMethod(org.testng.ITestResult)[pri:0, instance:OrderRegression.PlaceOrderWithBuyNowPopUp@53b7ce6]" started-at="2024-02-06T20:33:11 IST" name="afterMethod" finished-at="2024-02-06T20:33:11 IST" duration-ms="63" status="PASS">
          <params>
            <param index="0">
              <value>
                <![CDATA[[TestResult name=verifyingPlacingOrderWithBuyNowPopUp status=SUCCESS method=PlaceOrderWithBuyNowPopUp.verifyingPlacingOrderWithBuyNowPopUp()[pri:0, instance:OrderRegression.PlaceOrderWithBuyNowPopUp@53b7ce6] output={null}]]]>
              </value>
            </param>
          </params>
          <reporter-output>
          </reporter-output>
        </test-method> <!-- afterMethod -->
      </class> <!-- OrderRegression.PlaceOrderWithBuyNowPopUp -->
      <class name="testScripts.FindAStoreTest">
        <test-method is-config="true" signature="setUp()[pri:0, instance:testScripts.FindAStoreTest@5a6d30e2]" started-at="2024-02-06T20:05:05 IST" name="setUp" finished-at="2024-02-06T20:05:07 IST" duration-ms="2024" status="PASS">
          <reporter-output>
          </reporter-output>
        </test-method> <!-- setUp -->
        <test-method signature="verifyFindAStore()[pri:0, instance:testScripts.FindAStoreTest@5a6d30e2]" started-at="2024-02-06T20:05:07 IST" name="verifyFindAStore" finished-at="2024-02-06T20:05:19 IST" duration-ms="12375" status="PASS">
          <reporter-output>
          </reporter-output>
        </test-method> <!-- verifyFindAStore -->
        <test-method is-config="true" signature="afterClass(java.lang.reflect.Method)[pri:0, instance:testScripts.FindAStoreTest@5a6d30e2]" started-at="2024-02-06T20:05:07 IST" name="afterClass" finished-at="2024-02-06T20:05:07 IST" duration-ms="0" status="PASS">
          <params>
            <param index="0">
              <value>
                <![CDATA[public static void testScripts.FindAStoreTest.verifyFindAStore() throws java.lang.Exception]]>
              </value>
            </param>
          </params>
          <reporter-output>
          </reporter-output>
        </test-method> <!-- afterClass -->
        <test-method is-config="true" signature="afterMethod(org.testng.ITestResult)[pri:0, instance:testScripts.FindAStoreTest@5a6d30e2]" started-at="2024-02-06T20:05:19 IST" name="afterMethod" finished-at="2024-02-06T20:05:19 IST" duration-ms="14" status="PASS">
          <params>
            <param index="0">
              <value>
                <![CDATA[[TestResult name=verifyFindAStore status=SUCCESS method=FindAStoreTest.verifyFindAStore()[pri:0, instance:testScripts.FindAStoreTest@5a6d30e2] output={null}]]]>
              </value>
            </param>
          </params>
          <reporter-output>
          </reporter-output>
        </test-method> <!-- afterMethod -->
      </class> <!-- testScripts.FindAStoreTest -->
      <class name="OrderRegression.PlaceOrderWithBuyNowButton">
        <test-method is-config="true" signature="setUp()[pri:0, instance:OrderRegression.PlaceOrderWithBuyNowButton@36480b2d]" started-at="2024-02-06T20:33:11 IST" name="setUp" finished-at="2024-02-06T20:33:13 IST" duration-ms="2007" status="PASS">
          <reporter-output>
          </reporter-output>
        </test-method> <!-- setUp -->
        <test-method signature="verifyingPlacingOrderWithBuyNowButtonWithCreditCard()[pri:0, instance:OrderRegression.PlaceOrderWithBuyNowButton@36480b2d]" started-at="2024-02-06T20:33:13 IST" name="verifyingPlacingOrderWithBuyNowButtonWithCreditCard" finished-at="2024-02-06T20:34:41 IST" duration-ms="87931" status="PASS">
          <reporter-output>
          </reporter-output>
        </test-method> <!-- verifyingPlacingOrderWithBuyNowButtonWithCreditCard -->
        <test-method is-config="true" signature="afterClass(java.lang.reflect.Method)[pri:0, instance:OrderRegression.PlaceOrderWithBuyNowButton@36480b2d]" started-at="2024-02-06T20:33:13 IST" name="afterClass" finished-at="2024-02-06T20:33:13 IST" duration-ms="0" status="PASS">
          <params>
            <param index="0">
              <value>
                <![CDATA[public static void OrderRegression.PlaceOrderWithBuyNowButton.verifyingPlacingOrderWithBuyNowButtonWithCreditCard() throws java.lang.Exception]]>
              </value>
            </param>
          </params>
          <reporter-output>
          </reporter-output>
        </test-method> <!-- afterClass -->
        <test-method is-config="true" signature="afterMethod(org.testng.ITestResult)[pri:0, instance:OrderRegression.PlaceOrderWithBuyNowButton@36480b2d]" started-at="2024-02-06T20:34:41 IST" name="afterMethod" finished-at="2024-02-06T20:34:41 IST" duration-ms="8" status="PASS">
          <params>
            <param index="0">
              <value>
                <![CDATA[[TestResult name=verifyingPlacingOrderWithBuyNowButtonWithCreditCard status=SUCCESS method=PlaceOrderWithBuyNowButton.verifyingPlacingOrderWithBuyNowButtonWithCreditCard()[pri:0, instance:OrderRegression.PlaceOrderWithBuyNowButton@36480b2d] output={null}]]]>
              </value>
            </param>
          </params>
          <reporter-output>
          </reporter-output>
        </test-method> <!-- afterMethod -->
      </class> <!-- OrderRegression.PlaceOrderWithBuyNowButton -->
      <class name="testScripts.ShippingPageTest">
        <test-method is-config="true" signature="setUp()[pri:0, instance:testScripts.ShippingPageTest@2b680207]" started-at="2024-02-06T20:10:08 IST" name="setUp" finished-at="2024-02-06T20:10:10 IST" duration-ms="2013" status="PASS">
          <reporter-output>
          </reporter-output>
        </test-method> <!-- setUp -->
        <test-method signature="verifyingTheCustomerInfoInCheckoutPage2()[pri:0, instance:testScripts.ShippingPageTest@2b680207]" started-at="2024-02-06T20:10:10 IST" name="verifyingTheCustomerInfoInCheckoutPage2" finished-at="2024-02-06T20:11:22 IST" duration-ms="72623" status="PASS">
          <reporter-output>
          </reporter-output>
        </test-method> <!-- verifyingTheCustomerInfoInCheckoutPage2 -->
        <test-method is-config="true" signature="afterClass(java.lang.reflect.Method)[pri:0, instance:testScripts.ShippingPageTest@2b680207]" started-at="2024-02-06T20:10:10 IST" name="afterClass" finished-at="2024-02-06T20:10:10 IST" duration-ms="0" status="PASS">
          <params>
            <param index="0">
              <value>
                <![CDATA[public void testScripts.ShippingPageTest.verifyingTheCustomerInfoInCheckoutPage2() throws java.lang.InterruptedException,java.lang.Exception]]>
              </value>
            </param>
          </params>
          <reporter-output>
          </reporter-output>
        </test-method> <!-- afterClass -->
        <test-method is-config="true" signature="afterMethod(org.testng.ITestResult)[pri:0, instance:testScripts.ShippingPageTest@2b680207]" started-at="2024-02-06T20:11:22 IST" name="afterMethod" finished-at="2024-02-06T20:11:22 IST" duration-ms="10" status="PASS">
          <params>
            <param index="0">
              <value>
                <![CDATA[[TestResult name=verifyingTheCustomerInfoInCheckoutPage2 status=SUCCESS method=ShippingPageTest.verifyingTheCustomerInfoInCheckoutPage2()[pri:0, instance:testScripts.ShippingPageTest@2b680207] output={null}]]]>
              </value>
            </param>
          </params>
          <reporter-output>
          </reporter-output>
        </test-method> <!-- afterMethod -->
        <test-method signature="verifyingBackToCartFromShippingPage()[pri:0, instance:testScripts.ShippingPageTest@2b680207]" started-at="2024-02-06T20:11:22 IST" name="verifyingBackToCartFromShippingPage" finished-at="2024-02-06T20:11:30 IST" duration-ms="7714" status="PASS">
          <reporter-output>
          </reporter-output>
        </test-method> <!-- verifyingBackToCartFromShippingPage -->
        <test-method is-config="true" signature="afterClass(java.lang.reflect.Method)[pri:0, instance:testScripts.ShippingPageTest@2b680207]" started-at="2024-02-06T20:11:22 IST" name="afterClass" finished-at="2024-02-06T20:11:22 IST" duration-ms="0" status="PASS">
          <params>
            <param index="0">
              <value>
                <![CDATA[public void testScripts.ShippingPageTest.verifyingBackToCartFromShippingPage() throws java.lang.Exception]]>
              </value>
            </param>
          </params>
          <reporter-output>
          </reporter-output>
        </test-method> <!-- afterClass -->
        <test-method is-config="true" signature="afterMethod(org.testng.ITestResult)[pri:0, instance:testScripts.ShippingPageTest@2b680207]" started-at="2024-02-06T20:11:30 IST" name="afterMethod" finished-at="2024-02-06T20:11:30 IST" duration-ms="9" status="PASS">
          <params>
            <param index="0">
              <value>
                <![CDATA[[TestResult name=verifyingBackToCartFromShippingPage status=SUCCESS method=ShippingPageTest.verifyingBackToCartFromShippingPage()[pri:0, instance:testScripts.ShippingPageTest@2b680207] output={null}]]]>
              </value>
            </param>
          </params>
          <reporter-output>
          </reporter-output>
        </test-method> <!-- afterMethod -->
        <test-method signature="verifyingPaginationOfProductsInCheckOutPage2()[pri:0, instance:testScripts.ShippingPageTest@2b680207]" started-at="2024-02-06T20:11:30 IST" name="verifyingPaginationOfProductsInCheckOutPage2" finished-at="2024-02-06T20:12:59 IST" duration-ms="88677" status="PASS">
          <reporter-output>
          </reporter-output>
        </test-method> <!-- verifyingPaginationOfProductsInCheckOutPage2 -->
        <test-method is-config="true" signature="afterClass(java.lang.reflect.Method)[pri:0, instance:testScripts.ShippingPageTest@2b680207]" started-at="2024-02-06T20:11:30 IST" name="afterClass" finished-at="2024-02-06T20:11:30 IST" duration-ms="0" status="PASS">
          <params>
            <param index="0">
              <value>
                <![CDATA[public void testScripts.ShippingPageTest.verifyingPaginationOfProductsInCheckOutPage2() throws java.lang.Exception]]>
              </value>
            </param>
          </params>
          <reporter-output>
          </reporter-output>
        </test-method> <!-- afterClass -->
        <test-method is-config="true" signature="afterMethod(org.testng.ITestResult)[pri:0, instance:testScripts.ShippingPageTest@2b680207]" started-at="2024-02-06T20:12:59 IST" name="afterMethod" finished-at="2024-02-06T20:12:59 IST" duration-ms="12" status="PASS">
          <params>
            <param index="0">
              <value>
                <![CDATA[[TestResult name=verifyingPaginationOfProductsInCheckOutPage2 status=SUCCESS method=ShippingPageTest.verifyingPaginationOfProductsInCheckOutPage2()[pri:0, instance:testScripts.ShippingPageTest@2b680207] output={null}]]]>
              </value>
            </param>
          </params>
          <reporter-output>
          </reporter-output>
        </test-method> <!-- afterMethod -->
        <test-method is-config="true" signature="afterClass(java.lang.reflect.Method)[pri:0, instance:testScripts.ShippingPageTest@2b680207]" started-at="2024-02-06T20:12:59 IST" name="afterClass" finished-at="2024-02-06T20:12:59 IST" duration-ms="1" status="PASS">
          <params>
            <param index="0">
              <value>
                <![CDATA[public void testScripts.ShippingPageTest.verifyingOrderSummaryDisplayInShippingPageTasks_Page() throws java.lang.Exception]]>
              </value>
            </param>
          </params>
          <reporter-output>
          </reporter-output>
        </test-method> <!-- afterClass -->
        <test-method signature="verifyingOrderSummaryDisplayInShippingPageTasks_Page()[pri:0, instance:testScripts.ShippingPageTest@2b680207]" started-at="2024-02-06T20:12:59 IST" name="verifyingOrderSummaryDisplayInShippingPageTasks_Page" finished-at="2024-02-06T20:12:59 IST" duration-ms="85" status="PASS">
          <reporter-output>
          </reporter-output>
        </test-method> <!-- verifyingOrderSummaryDisplayInShippingPageTasks_Page -->
        <test-method is-config="true" signature="afterMethod(org.testng.ITestResult)[pri:0, instance:testScripts.ShippingPageTest@2b680207]" started-at="2024-02-06T20:12:59 IST" name="afterMethod" finished-at="2024-02-06T20:12:59 IST" duration-ms="12" status="PASS">
          <params>
            <param index="0">
              <value>
                <![CDATA[[TestResult name=verifyingOrderSummaryDisplayInShippingPageTasks_Page status=SUCCESS method=ShippingPageTest.verifyingOrderSummaryDisplayInShippingPageTasks_Page()[pri:0, instance:testScripts.ShippingPageTest@2b680207] output={null}]]]>
              </value>
            </param>
          </params>
          <reporter-output>
          </reporter-output>
        </test-method> <!-- afterMethod -->
        <test-method signature="verifyingNextPaymentButtonDisplayInShippingPageTasks_Page()[pri:0, instance:testScripts.ShippingPageTest@2b680207]" started-at="2024-02-06T20:12:59 IST" name="verifyingNextPaymentButtonDisplayInShippingPageTasks_Page" finished-at="2024-02-06T20:12:59 IST" duration-ms="66" status="PASS">
          <reporter-output>
          </reporter-output>
        </test-method> <!-- verifyingNextPaymentButtonDisplayInShippingPageTasks_Page -->
        <test-method is-config="true" signature="afterClass(java.lang.reflect.Method)[pri:0, instance:testScripts.ShippingPageTest@2b680207]" started-at="2024-02-06T20:12:59 IST" name="afterClass" finished-at="2024-02-06T20:12:59 IST" duration-ms="0" status="PASS">
          <params>
            <param index="0">
              <value>
                <![CDATA[public void testScripts.ShippingPageTest.verifyingNextPaymentButtonDisplayInShippingPageTasks_Page() throws java.lang.Exception]]>
              </value>
            </param>
          </params>
          <reporter-output>
          </reporter-output>
        </test-method> <!-- afterClass -->
        <test-method is-config="true" signature="afterMethod(org.testng.ITestResult)[pri:0, instance:testScripts.ShippingPageTest@2b680207]" started-at="2024-02-06T20:12:59 IST" name="afterMethod" finished-at="2024-02-06T20:12:59 IST" duration-ms="8" status="PASS">
          <params>
            <param index="0">
              <value>
                <![CDATA[[TestResult name=verifyingNextPaymentButtonDisplayInShippingPageTasks_Page status=SUCCESS method=ShippingPageTest.verifyingNextPaymentButtonDisplayInShippingPageTasks_Page()[pri:0, instance:testScripts.ShippingPageTest@2b680207] output={null}]]]>
              </value>
            </param>
          </params>
          <reporter-output>
          </reporter-output>
        </test-method> <!-- afterMethod -->
        <test-method signature="verifyingEtgLogoDisplayInShippingPageTasks_Page()[pri:0, instance:testScripts.ShippingPageTest@2b680207]" started-at="2024-02-06T20:12:59 IST" name="verifyingEtgLogoDisplayInShippingPageTasks_Page" finished-at="2024-02-06T20:12:59 IST" duration-ms="62" status="PASS">
          <reporter-output>
          </reporter-output>
        </test-method> <!-- verifyingEtgLogoDisplayInShippingPageTasks_Page -->
        <test-method is-config="true" signature="afterClass(java.lang.reflect.Method)[pri:0, instance:testScripts.ShippingPageTest@2b680207]" started-at="2024-02-06T20:12:59 IST" name="afterClass" finished-at="2024-02-06T20:12:59 IST" duration-ms="0" status="PASS">
          <params>
            <param index="0">
              <value>
                <![CDATA[public void testScripts.ShippingPageTest.verifyingEtgLogoDisplayInShippingPageTasks_Page() throws java.lang.Exception]]>
              </value>
            </param>
          </params>
          <reporter-output>
          </reporter-output>
        </test-method> <!-- afterClass -->
        <test-method is-config="true" signature="afterMethod(org.testng.ITestResult)[pri:0, instance:testScripts.ShippingPageTest@2b680207]" started-at="2024-02-06T20:12:59 IST" name="afterMethod" finished-at="2024-02-06T20:12:59 IST" duration-ms="13" status="PASS">
          <params>
            <param index="0">
              <value>
                <![CDATA[[TestResult name=verifyingEtgLogoDisplayInShippingPageTasks_Page status=SUCCESS method=ShippingPageTest.verifyingEtgLogoDisplayInShippingPageTasks_Page()[pri:0, instance:testScripts.ShippingPageTest@2b680207] output={null}]]]>
              </value>
            </param>
          </params>
          <reporter-output>
          </reporter-output>
        </test-method> <!-- afterMethod -->
        <test-method signature="verifyingAllErrorsInShippingForm()[pri:0, instance:testScripts.ShippingPageTest@2b680207]" started-at="2024-02-06T20:12:59 IST" name="verifyingAllErrorsInShippingForm" finished-at="2024-02-06T20:13:03 IST" duration-ms="4423" status="PASS">
          <reporter-output>
          </reporter-output>
        </test-method> <!-- verifyingAllErrorsInShippingForm -->
        <test-method is-config="true" signature="afterClass(java.lang.reflect.Method)[pri:0, instance:testScripts.ShippingPageTest@2b680207]" started-at="2024-02-06T20:12:59 IST" name="afterClass" finished-at="2024-02-06T20:12:59 IST" duration-ms="0" status="PASS">
          <params>
            <param index="0">
              <value>
                <![CDATA[public void testScripts.ShippingPageTest.verifyingAllErrorsInShippingForm() throws java.lang.Exception]]>
              </value>
            </param>
          </params>
          <reporter-output>
          </reporter-output>
        </test-method> <!-- afterClass -->
        <test-method is-config="true" signature="afterMethod(org.testng.ITestResult)[pri:0, instance:testScripts.ShippingPageTest@2b680207]" started-at="2024-02-06T20:13:03 IST" name="afterMethod" finished-at="2024-02-06T20:13:03 IST" duration-ms="7" status="PASS">
          <params>
            <param index="0">
              <value>
                <![CDATA[[TestResult name=verifyingAllErrorsInShippingForm status=SUCCESS method=ShippingPageTest.verifyingAllErrorsInShippingForm()[pri:0, instance:testScripts.ShippingPageTest@2b680207] output={null}]]]>
              </value>
            </param>
          </params>
          <reporter-output>
          </reporter-output>
        </test-method> <!-- afterMethod -->
[...]
at java.base/java.util.stream.ReduceOps$ReduceOp.evaluateSequential(ReduceOps.java:921)
at java.base/java.util.stream.AbstractPipeline.evaluate(AbstractPipeline.java:234)
at java.base/java.util.stream.ReferencePipeline.collect(ReferencePipeline.java:682)
at org.openqa.selenium.remote.RemoteWebDriver.executeScript(RemoteWebDriver.java:466)
at functionality.Actionsss.javascriptClick(Actionsss.java:69)
at com.providio.testcases.baseClass.afterMethod(baseClass.java:290)
at jdk.internal.reflect.GeneratedMethodAccessor14.invoke(Unknown Source)
at java.base/jdk.internal.reflect.DelegatingMethodAccessorImpl.invoke(DelegatingMethodAccessorImpl.java:43)
at java.base/java.lang.reflect.Method.invoke(Method.java:568)
at org.testng.internal.invokers.MethodInvocationHelper.invokeMethod(MethodInvocationHelper.java:139)
at org.testng.internal.invokers.MethodInvocationHelper.invokeMethodConsideringTimeout(MethodInvocationHelper.java:69)
at org.testng.internal.invokers.ConfigInvoker.invokeConfigurationMethod(ConfigInvoker.java:361)
at org.testng.internal.invokers.ConfigInvoker.invokeConfigurations(ConfigInvoker.java:296)
at org.testng.internal.invokers.TestInvoker.runConfigMethods(TestInvoker.java:823)
at org.testng.internal.invokers.TestInvoker.runAfterConfigurations(TestInvoker.java:792)
at org.testng.internal.invokers.TestInvoker.invokeMethod(TestInvoker.java:768)
at org.testng.internal.invokers.TestInvoker.invokeTestMethod(TestInvoker.java:221)
at org.testng.internal.invokers.MethodRunner.runInSequence(MethodRunner.java:50)
at org.testng.internal.invokers.TestInvoker$MethodInvocationAgent.invoke(TestInvoker.java:969)
at org.testng.internal.invokers.TestInvoker.invokeTestMethods(TestInvoker.java:194)
at org.testng.internal.invokers.TestMethodWorker.invokeTestMethods(TestMethodWorker.java:148)
at org.testng.internal.invokers.TestMethodWorker.run(TestMethodWorker.java:128)
at java.base/java.util.ArrayList.forEach(ArrayList.java:1511)
at org.testng.TestRunner.privateRun(TestRunner.java:829)
at org.testng.TestRunner.run(TestRunner.java:602)
at org.testng.SuiteRunner.runTest(SuiteRunner.java:437)
at org.testng.SuiteRunner.runSequentially(SuiteRunner.java:431)
at org.testng.SuiteRunner.privateRun(SuiteRunner.java:391)
at org.testng.SuiteRunner.run(SuiteRunner.java:330)
at org.testng.SuiteRunnerWorker.runSuite(SuiteRunnerWorker.java:52)
at org.testng.SuiteRunnerWorker.run(SuiteRunnerWorker.java:95)
at org.testng.TestNG.runSuitesSequentially(TestNG.java:1256)
at org.testng.TestNG.runSuitesLocally(TestNG.java:1176)
at org.testng.TestNG.runSuites(TestNG.java:1099)
at org.testng.TestNG.run(TestNG.java:1067)
at org.testng.remote.AbstractRemoteTestNG.run(AbstractRemoteTestNG.java:115)
at org.testng.remote.RemoteTestNG.initAndRun(RemoteTestNG.java:251)
at org.testng.remote.RemoteTestNG.main(RemoteTestNG.java:77)
]]>
            </full-stacktrace>
          </exception> <!-- java.lang.NullPointerException -->
          <reporter-output>
          </reporter-output>
        </test-method> <!-- verifyingOrderIsPlacingWithCombinationOfGcAndPaypal -->
        <test-method is-config="true" signature="afterMethod(org.testng.ITestResult)[pri:0, instance:testScripts.OrderPlacingWithAllPaymentsTest@599e4d41]" started-at="2024-02-06T20:31:43 IST" name="afterMethod" finished-at="2024-02-06T20:31:43 IST" duration-ms="0" status="SKIP">
          <reporter-output>
          </reporter-output>
        </test-method> <!-- afterMethod -->
        <test-method is-config="true" signature="afterClass(java.lang.reflect.Method)[pri:0, instance:testScripts.OrderPlacingWithAllPaymentsTest@599e4d41]" started-at="2024-02-06T20:31:43 IST" name="afterClass" finished-at="2024-02-06T20:31:43 IST" duration-ms="0" status="SKIP">
          <reporter-output>
          </reporter-output>
        </test-method> <!-- afterClass -->
        <test-method signature="verifyingOrderIsPlacingWithMiniCartPaypal()[pri:0, instance:testScripts.OrderPlacingWithAllPaymentsTest@599e4d41]" started-at="2024-02-06T20:31:43 IST" name="verifyingOrderIsPlacingWithMiniCartPaypal" finished-at="2024-02-06T20:31:43 IST" duration-ms="0" status="SKIP">
          <exception class="java.lang.NullPointerException">
            <message>
              <![CDATA[Cannot invoke "org.openqa.selenium.SearchContext.findElement(org.openqa.selenium.By)" because "this.searchContext" is null]]>
            </message>
            <full-stacktrace>
              <![CDATA[java.lang.NullPointerException: Cannot invoke "org.openqa.selenium.SearchContext.findElement(org.openqa.selenium.By)" because "this.searchContext" is null
at org.openqa.selenium.support.pagefactory.DefaultElementLocator.findElement(DefaultElementLocator.java:68)
at org.openqa.selenium.support.pagefactory.internal.LocatingElementHandler.invoke(LocatingElementHandler.java:38)
at jdk.proxy2/jdk.proxy2.$Proxy14.getWrappedElement(Unknown Source)
at org.openqa.selenium.remote.internal.WebElementToJsonConverter.apply(WebElementToJsonConverter.java:51)
at java.base/java.util.stream.ReferencePipeline$3$1.accept(ReferencePipeline.java:197)
at java.base/java.util.Spliterators$ArraySpliterator.forEachRemaining(Spliterators.java:992)
at java.base/java.util.stream.AbstractPipeline.copyInto(AbstractPipeline.java:509)
at java.base/java.util.stream.AbstractPipeline.wrapAndCopyInto(AbstractPipeline.java:499)
at java.base/java.util.stream.ReduceOps$ReduceOp.evaluateSequential(ReduceOps.java:921)
at java.base/java.util.stream.AbstractPipeline.evaluate(AbstractPipeline.java:234)
at java.base/java.util.stream.ReferencePipeline.collect(ReferencePipeline.java:682)
at org.openqa.selenium.remote.RemoteWebDriver.executeScript(RemoteWebDriver.java:466)
at functionality.Actionsss.javascriptClick(Actionsss.java:69)
at com.providio.testcases.baseClass.afterMethod(baseClass.java:290)
at jdk.internal.reflect.GeneratedMethodAccessor14.invoke(Unknown Source)
at java.base/jdk.internal.reflect.DelegatingMethodAccessorImpl.invoke(DelegatingMethodAccessorImpl.java:43)
at java.base/java.lang.reflect.Method.invoke(Method.java:568)
at org.testng.internal.invokers.MethodInvocationHelper.invokeMethod(MethodInvocationHelper.java:139)
at org.testng.internal.invokers.MethodInvocationHelper.invokeMethodConsideringTimeout(MethodInvocationHelper.java:69)
at org.testng.internal.invokers.ConfigInvoker.invokeConfigurationMethod(ConfigInvoker.java:361)
at org.testng.internal.invokers.ConfigInvoker.invokeConfigurations(ConfigInvoker.java:296)
at org.testng.internal.invokers.TestInvoker.runConfigMethods(TestInvoker.java:823)
at org.testng.internal.invokers.TestInvoker.runAfterConfigurations(TestInvoker.java:792)
at org.testng.internal.invokers.TestInvoker.invokeMethod(TestInvoker.java:768)
at org.testng.internal.invokers.TestInvoker.invokeTestMethod(TestInvoker.java:221)
at org.testng.internal.invokers.MethodRunner.runInSequence(MethodRunner.java:50)
at org.testng.internal.invokers.TestInvoker$MethodInvocationAgent.invoke(TestInvoker.java:969)
at org.testng.internal.invokers.TestInvoker.invokeTestMethods(TestInvoker.java:194)
at org.testng.internal.invokers.TestMethodWorker.invokeTestMethods(TestMethodWorker.java:148)
at org.testng.internal.invokers.TestMethodWorker.run(TestMethodWorker.java:128)
at java.base/java.util.ArrayList.forEach(ArrayList.java:1511)
at org.testng.TestRunner.privateRun(TestRunner.java:829)
at org.testng.TestRunner.run(TestRunner.java:602)
at org.testng.SuiteRunner.runTest(SuiteRunner.java:437)
at org.testng.SuiteRunner.runSequentially(SuiteRunner.java:431)
at org.testng.SuiteRunner.privateRun(SuiteRunner.java:391)
at org.testng.SuiteRunner.run(SuiteRunner.java:330)
at org.testng.SuiteRunnerWorker.runSuite(SuiteRunnerWorker.java:52)
at org.testng.SuiteRunnerWorker.run(SuiteRunnerWorker.java:95)
at org.testng.TestNG.runSuitesSequentially(TestNG.java:1256)
at org.testng.TestNG.runSuitesLocally(TestNG.java:1176)
at org.testng.TestNG.runSuites(TestNG.java:1099)
at org.testng.TestNG.run(TestNG.java:1067)
at org.testng.remote.AbstractRemoteTestNG.run(AbstractRemoteTestNG.java:115)
at org.testng.remote.RemoteTestNG.initAndRun(RemoteTestNG.java:251)
at org.testng.remote.RemoteTestNG.main(RemoteTestNG.java:77)
]]>
            </full-stacktrace>
          </exception> <!-- java.lang.NullPointerException -->
          <reporter-output>
          </reporter-output>
        </test-method> <!-- verifyingOrderIsPlacingWithMiniCartPaypal -->
        <test-method is-config="true" signature="afterMethod(org.testng.ITestResult)[pri:0, instance:testScripts.OrderPlacingWithAllPaymentsTest@599e4d41]" started-at="2024-02-06T20:31:43 IST" name="afterMethod" finished-at="2024-02-06T20:31:43 IST" duration-ms="0" status="SKIP">
          <reporter-output>
          </reporter-output>
        </test-method> <!-- afterMethod -->
        <test-method signature="verifyingOrderIsPlacingWithCartPagePaypal()[pri:0, instance:testScripts.OrderPlacingWithAllPaymentsTest@599e4d41]" started-at="2024-02-06T20:31:43 IST" name="verifyingOrderIsPlacingWithCartPagePaypal" finished-at="2024-02-06T20:31:43 IST" duration-ms="0" status="SKIP">
          <exception class="java.lang.NullPointerException">
            <message>
              <![CDATA[Cannot invoke "org.openqa.selenium.SearchContext.findElement(org.openqa.selenium.By)" because "this.searchContext" is null]]>
            </message>
            <full-stacktrace>
              <![CDATA[java.lang.NullPointerException: Cannot invoke "org.openqa.selenium.SearchContext.findElement(org.openqa.selenium.By)" because "this.searchContext" is null
at org.openqa.selenium.support.pagefactory.DefaultElementLocator.findElement(DefaultElementLocator.java:68)
at org.openqa.selenium.support.pagefactory.internal.LocatingElementHandler.invoke(LocatingElementHandler.java:38)
at jdk.proxy2/jdk.proxy2.$Proxy14.getWrappedElement(Unknown Source)
at org.openqa.selenium.remote.internal.WebElementToJsonConverter.apply(WebElementToJsonConverter.java:51)
at java.base/java.util.stream.ReferencePipeline$3$1.accept(ReferencePipeline.java:197)
at java.base/java.util.Spliterators$ArraySpliterator.forEachRemaining(Spliterators.java:992)
at java.base/java.util.stream.AbstractPipeline.copyInto(AbstractPipeline.java:509)
at java.base/java.util.stream.AbstractPipeline.wrapAndCopyInto(AbstractPipeline.java:499)
at java.base/java.util.stream.ReduceOps$ReduceOp.evaluateSequential(ReduceOps.java:921)
at java.base/java.util.stream.AbstractPipeline.evaluate(AbstractPipeline.java:234)
at java.base/java.util.stream.ReferencePipeline.collect(ReferencePipeline.java:682)
at org.openqa.selenium.remote.RemoteWebDriver.executeScript(RemoteWebDriver.java:466)
at functionality.Actionsss.javascriptClick(Actionsss.java:69)
at com.providio.testcases.baseClass.afterMethod(baseClass.java:290)
at jdk.internal.reflect.GeneratedMethodAccessor14.invoke(Unknown Source)
at java.base/jdk.internal.reflect.DelegatingMethodAccessorImpl.invoke(DelegatingMethodAccessorImpl.java:43)
at java.base/java.lang.reflect.Method.invoke(Method.java:568)
at org.testng.internal.invokers.MethodInvocationHelper.invokeMethod(MethodInvocationHelper.java:139)
at org.testng.internal.invokers.MethodInvocationHelper.invokeMethodConsideringTimeout(MethodInvocationHelper.java:69)
at org.testng.internal.invokers.ConfigInvoker.invokeConfigurationMethod(ConfigInvoker.java:361)
at org.testng.internal.invokers.ConfigInvoker.invokeConfigurations(ConfigInvoker.java:296)
at org.testng.internal.invokers.TestInvoker.runConfigMethods(TestInvoker.java:823)
at org.testng.internal.invokers.TestInvoker.runAfterConfigurations(TestInvoker.java:792)
at org.testng.internal.invokers.TestInvoker.invokeMethod(TestInvoker.java:768)
at org.testng.internal.invokers.TestInvoker.invokeTestMethod(TestInvoker.java:221)
at org.testng.internal.invokers.MethodRunner.runInSequence(MethodRunner.java:50)
at org.testng.internal.invokers.TestInvoker$MethodInvocationAgent.invoke(TestInvoker.java:969)
at org.testng.internal.invokers.TestInvoker.invokeTestMethods(TestInvoker.java:194)
at org.testng.internal.invokers.TestMethodWorker.invokeTestMethods(TestMethodWorker.java:148)
at org.testng.internal.invokers.TestMethodWorker.run(TestMethodWorker.java:128)
at java.base/java.util.ArrayList.forEach(ArrayList.java:1511)
at org.testng.TestRunner.privateRun(TestRunner.java:829)
at org.testng.TestRunner.run(TestRunner.java:602)
at org.testng.SuiteRunner.runTest(SuiteRunner.java:437)
at org.testng.SuiteRunner.runSequentially(SuiteRunner.java:431)
at org.testng.SuiteRunner.privateRun(SuiteRunner.java:391)
at org.testng.SuiteRunner.run(SuiteRunner.java:330)
at org.testng.SuiteRunnerWorker.runSuite(SuiteRunnerWorker.java:52)
at org.testng.SuiteRunnerWorker.run(SuiteRunnerWorker.java:95)
at org.testng.TestNG.runSuitesSequentially(TestNG.java:1256)
at org.testng.TestNG.runSuitesLocally(TestNG.java:1176)
at org.testng.TestNG.runSuites(TestNG.java:1099)
at org.testng.TestNG.run(TestNG.java:1067)
at org.testng.remote.AbstractRemoteTestNG.run(AbstractRemoteTestNG.java:115)
at org.testng.remote.RemoteTestNG.initAndRun(RemoteTestNG.java:251)
at org.testng.remote.RemoteTestNG.main(RemoteTestNG.java:77)
]]>
            </full-stacktrace>
          </exception> <!-- java.lang.NullPointerException -->
          <reporter-output>
          </reporter-output>
        </test-method> <!-- verifyingOrderIsPlacingWithCartPagePaypal -->
        <test-method is-config="true" signature="afterClass(java.lang.reflect.Method)[pri:0, instance:testScripts.OrderPlacingWithAllPaymentsTest@599e4d41]" started-at="2024-02-06T20:31:43 IST" name="afterClass" finished-at="2024-02-06T20:31:43 IST" duration-ms="0" status="SKIP">
          <reporter-output>
          </reporter-output>
        </test-method> <!-- afterClass -->
        <test-method is-config="true" signature="afterMethod(org.testng.ITestResult)[pri:0, instance:testScripts.OrderPlacingWithAllPaymentsTest@599e4d41]" started-at="2024-02-06T20:31:43 IST" name="afterMethod" finished-at="2024-02-06T20:31:43 IST" duration-ms="0" status="SKIP">
          <reporter-output>
          </reporter-output>
        </test-method> <!-- afterMethod -->
        <test-method signature="verifyingOrderIsPlacingWithPaypalBuyNowInPdpPage()[pri:0, instance:testScripts.OrderPlacingWithAllPaymentsTest@599e4d41]" started-at="2024-02-06T20:31:43 IST" name="verifyingOrderIsPlacingWithPaypalBuyNowInPdpPage" finished-at="2024-02-06T20:31:43 IST" duration-ms="1" status="SKIP">
          <exception class="java.lang.NullPointerException">
            <message>
              <![CDATA[Cannot invoke "org.openqa.selenium.SearchContext.findElement(org.openqa.selenium.By)" because "this.searchContext" is null]]>
            </message>
            <full-stacktrace>
              <![CDATA[java.lang.NullPointerException: Cannot invoke "org.openqa.selenium.SearchContext.findElement(org.openqa.selenium.By)" because "this.searchContext" is null
at org.openqa.selenium.support.pagefactory.DefaultElementLocator.findElement(DefaultElementLocator.java:68)
at org.openqa.selenium.support.pagefactory.internal.LocatingElementHandler.invoke(LocatingElementHandler.java:38)
at jdk.proxy2/jdk.proxy2.$Proxy14.getWrappedElement(Unknown Source)
at org.openqa.selenium.remote.internal.WebElementToJsonConverter.apply(WebElementToJsonConverter.java:51)
at java.base/java.util.stream.ReferencePipeline$3$1.accept(ReferencePipeline.java:197)
at java.base/java.util.Spliterators$ArraySpliterator.forEachRemaining(Spliterators.java:992)
at java.base/java.util.stream.AbstractPipeline.copyInto(AbstractPipeline.java:509)
at java.base/java.util.stream.AbstractPipeline.wrapAndCopyInto(AbstractPipeline.java:499)
at java.base/java.util.stream.ReduceOps$ReduceOp.evaluateSequential(ReduceOps.java:921)
at java.base/java.util.stream.AbstractPipeline.evaluate(AbstractPipeline.java:234)
at java.base/java.util.stream.ReferencePipeline.collect(ReferencePipeline.java:682)
at org.openqa.selenium.remote.RemoteWebDriver.executeScript(RemoteWebDriver.java:466)
at functionality.Actionsss.javascriptClick(Actionsss.java:69)
at com.providio.testcases.baseClass.afterMethod(baseClass.java:290)
at jdk.internal.reflect.GeneratedMethodAccessor14.invoke(Unknown Source)
at java.base/jdk.internal.reflect.DelegatingMethodAccessorImpl.invoke(DelegatingMethodAccessorImpl.java:43)
at java.base/java.lang.reflect.Method.invoke(Method.java:568)
at org.testng.internal.invokers.MethodInvocationHelper.invokeMethod(MethodInvocationHelper.java:139)
at org.testng.internal.invokers.MethodInvocationHelper.invokeMethodConsideringTimeout(MethodInvocationHelper.java:69)
at org.testng.internal.invokers.ConfigInvoker.invokeConfigurationMethod(ConfigInvoker.java:361)
at org.testng.internal.invokers.ConfigInvoker.invokeConfigurations(ConfigInvoker.java:296)
at org.testng.internal.invokers.TestInvoker.runConfigMethods(TestInvoker.java:823)
at org.testng.internal.invokers.TestInvoker.runAfterConfigurations(TestInvoker.java:792)
at org.testng.internal.invokers.TestInvoker.invokeMethod(TestInvoker.java:768)
at org.testng.internal.invokers.TestInvoker.invokeTestMethod(TestInvoker.java:221)
at org.testng.internal.invokers.MethodRunner.runInSequence(MethodRunner.java:50)
at org.testng.internal.invokers.TestInvoker$MethodInvocationAgent.invoke(TestInvoker.java:969)
at org.testng.internal.invokers.TestInvoker.invokeTestMethods(TestInvoker.java:194)
at org.testng.internal.invokers.TestMethodWorker.invokeTestMethods(TestMethodWorker.java:148)
at org.testng.internal.invokers.TestMethodWorker.run(TestMethodWorker.java:128)
at java.base/java.util.ArrayList.forEach(ArrayList.java:1511)
at org.testng.TestRunner.privateRun(TestRunner.java:829)
at org.testng.TestRunner.run(TestRunner.java:602)
at org.testng.SuiteRunner.runTest(SuiteRunner.java:437)
at org.testng.SuiteRunner.runSequentially(SuiteRunner.java:431)
at org.testng.SuiteRunner.privateRun(SuiteRunner.java:391)
at org.testng.SuiteRunner.run(SuiteRunner.java:330)
at org.testng.SuiteRunnerWorker.runSuite(SuiteRunnerWorker.java:52)
at org.testng.SuiteRunnerWorker.run(SuiteRunnerWorker.java:95)
at org.testng.TestNG.runSuitesSequentially(TestNG.java:1256)
at org.testng.TestNG.runSuitesLocally(TestNG.java:1176)
at org.testng.TestNG.runSuites(TestNG.java:1099)
at org.testng.TestNG.run(TestNG.java:1067)
at org.testng.remote.AbstractRemoteTestNG.run(AbstractRemoteTestNG.java:115)
at org.testng.remote.RemoteTestNG.initAndRun(RemoteTestNG.java:251)
at org.testng.remote.RemoteTestNG.main(RemoteTestNG.java:77)
]]>
            </full-stacktrace>
          </exception> <!-- java.lang.NullPointerException -->
          <reporter-output>
          </reporter-output>
        </test-method> <!-- verifyingOrderIsPlacingWithPaypalBuyNowInPdpPage -->
        <test-method is-config="true" signature="afterClass(java.lang.reflect.Method)[pri:0, instance:testScripts.OrderPlacingWithAllPaymentsTest@599e4d41]" started-at="2024-02-06T20:31:43 IST" name="afterClass" finished-at="2024-02-06T20:31:43 IST" duration-ms="0" status="SKIP">
          <reporter-output>
          </reporter-output>
        </test-method> <!-- afterClass -->
        <test-method is-config="true" signature="afterMethod(org.testng.ITestResult)[pri:0, instance:testScripts.OrderPlacingWithAllPaymentsTest@599e4d41]" started-at="2024-02-06T20:31:43 IST" name="afterMethod" finished-at="2024-02-06T20:31:43 IST" duration-ms="0" status="SKIP">
          <reporter-output>
          </reporter-output>
        </test-method> <!-- afterMethod -->
      </class> <!-- testScripts.OrderPlacingWithAllPaymentsTest -->
    </test> <!-- Regression Testing -->
  </suite> <!-- Providio Regression Test -->
</testng-results>
